[0.059s] DEBUG:colcon:Command line arguments: ['/usr/bin/colcon', 'build', '--symlink-install']
[0.059s] DEBUG:colcon:Parsed command line arguments: Namespace(log_base=None, log_level=None, verb_name='build', build_base='build', install_base='install', merge_install=False, symlink_install=True, test_result_base=None, continue_on_error=False, executor='parallel', parallel_workers=16, event_handlers=None, ignore_user_meta=False, metas=['./colcon.meta'], base_paths=['.'], packages_ignore=None, packages_ignore_regex=None, paths=None, packages_up_to=None, packages_up_to_regex=None, packages_above=None, packages_above_and_dependencies=None, packages_above_depth=None, packages_select_by_dep=None, packages_skip_by_dep=None, packages_skip_up_to=None, packages_select_build_failed=False, packages_skip_build_finished=False, packages_select_test_failures=False, packages_skip_test_passed=False, packages_select=None, packages_skip=None, packages_select_regex=None, packages_skip_regex=None, packages_start=None, packages_end=None, allow_overriding=[], cmake_args=None, cmake_target=None, cmake_target_skip_unavailable=False, cmake_clean_cache=False, cmake_clean_first=False, cmake_force_configure=False, ament_cmake_args=None, catkin_cmake_args=None, catkin_skip_building_tests=False, verb_parser=<colcon_defaults.argument_parser.defaults.DefaultArgumentsDecorator object at 0x7ce3a552a0e0>, verb_extension=<colcon_core.verb.build.BuildVerb object at 0x7ce3a56ab760>, main=<bound method BuildVerb.main of <colcon_core.verb.build.BuildVerb object at 0x7ce3a56ab760>>)
[0.145s] Level 1:colcon.colcon_core.package_discovery:discover_packages(colcon_meta) check parameters
[0.145s] Level 1:colcon.colcon_core.package_discovery:discover_packages(recursive) check parameters
[0.145s] Level 1:colcon.colcon_core.package_discovery:discover_packages(ignore) check parameters
[0.145s] Level 1:colcon.colcon_core.package_discovery:discover_packages(path) check parameters
[0.145s] Level 1:colcon.colcon_core.package_discovery:discover_packages(colcon_meta) discover
[0.145s] Level 1:colcon.colcon_core.package_discovery:discover_packages(recursive) discover
[0.145s] INFO:colcon.colcon_core.package_discovery:Crawling recursively for packages in '/home/naomi/ROS2Dev/mantis'
[0.145s] Level 1:colcon.colcon_core.package_identification:_identify(.) by extensions ['ignore', 'ignore_ament_install']
[0.145s] Level 1:colcon.colcon_core.package_identification:_identify(.) by extension 'ignore'
[0.145s] Level 1:colcon.colcon_core.package_identification:_identify(.) by extension 'ignore_ament_install'
[0.145s] Level 1:colcon.colcon_core.package_identification:_identify(.) by extensions ['colcon_pkg']
[0.145s] Level 1:colcon.colcon_core.package_identification:_identify(.) by extension 'colcon_pkg'
[0.145s] Level 1:colcon.colcon_core.package_identification:_identify(.) by extensions ['colcon_meta']
[0.145s] Level 1:colcon.colcon_core.package_identification:_identify(.) by extension 'colcon_meta'
[0.145s] Level 1:colcon.colcon_core.package_identification:_identify(.) by extensions ['ros']
[0.145s] Level 1:colcon.colcon_core.package_identification:_identify(.) by extension 'ros'
[0.152s] Level 1:colcon.colcon_core.package_identification:_identify(.) by extensions ['cmake', 'python']
[0.152s] Level 1:colcon.colcon_core.package_identification:_identify(.) by extension 'cmake'
[0.152s] Level 1:colcon.colcon_core.package_identification:_identify(.) by extension 'python'
[0.152s] Level 1:colcon.colcon_core.package_identification:_identify(.) by extensions ['python_setup_py']
[0.152s] Level 1:colcon.colcon_core.package_identification:_identify(.) by extension 'python_setup_py'
[0.152s] Level 1:colcon.colcon_core.package_identification:_identify(build) by extensions ['ignore', 'ignore_ament_install']
[0.153s] Level 1:colcon.colcon_core.package_identification:_identify(build) by extension 'ignore'
[0.153s] Level 1:colcon.colcon_core.package_identification:_identify(build) ignored
[0.153s] Level 1:colcon.colcon_core.package_identification:_identify(delete) by extensions ['ignore', 'ignore_ament_install']
[0.153s] Level 1:colcon.colcon_core.package_identification:_identify(delete) by extension 'ignore'
[0.153s] Level 1:colcon.colcon_core.package_identification:_identify(delete) by extension 'ignore_ament_install'
[0.153s] Level 1:colcon.colcon_core.package_identification:_identify(delete) by extensions ['colcon_pkg']
[0.153s] Level 1:colcon.colcon_core.package_identification:_identify(delete) by extension 'colcon_pkg'
[0.153s] Level 1:colcon.colcon_core.package_identification:_identify(delete) by extensions ['colcon_meta']
[0.153s] Level 1:colcon.colcon_core.package_identification:_identify(delete) by extension 'colcon_meta'
[0.153s] Level 1:colcon.colcon_core.package_identification:_identify(delete) by extensions ['ros']
[0.153s] Level 1:colcon.colcon_core.package_identification:_identify(delete) by extension 'ros'
[0.153s] Level 1:colcon.colcon_core.package_identification:_identify(delete) by extensions ['cmake', 'python']
[0.153s] Level 1:colcon.colcon_core.package_identification:_identify(delete) by extension 'cmake'
[0.153s] Level 1:colcon.colcon_core.package_identification:_identify(delete) by extension 'python'
[0.153s] Level 1:colcon.colcon_core.package_identification:_identify(delete) by extensions ['python_setup_py']
[0.153s] Level 1:colcon.colcon_core.package_identification:_identify(delete) by extension 'python_setup_py'
[0.153s] Level 1:colcon.colcon_core.package_identification:_identify(delete/controllers) by extensions ['ignore', 'ignore_ament_install']
[0.153s] Level 1:colcon.colcon_core.package_identification:_identify(delete/controllers) by extension 'ignore'
[0.153s] Level 1:colcon.colcon_core.package_identification:_identify(delete/controllers) by extension 'ignore_ament_install'
[0.153s] Level 1:colcon.colcon_core.package_identification:_identify(delete/controllers) by extensions ['colcon_pkg']
[0.153s] Level 1:colcon.colcon_core.package_identification:_identify(delete/controllers) by extension 'colcon_pkg'
[0.153s] Level 1:colcon.colcon_core.package_identification:_identify(delete/controllers) by extensions ['colcon_meta']
[0.153s] Level 1:colcon.colcon_core.package_identification:_identify(delete/controllers) by extension 'colcon_meta'
[0.153s] Level 1:colcon.colcon_core.package_identification:_identify(delete/controllers) by extensions ['ros']
[0.153s] Level 1:colcon.colcon_core.package_identification:_identify(delete/controllers) by extension 'ros'
[0.153s] Level 1:colcon.colcon_core.package_identification:_identify(delete/controllers) by extensions ['cmake', 'python']
[0.153s] Level 1:colcon.colcon_core.package_identification:_identify(delete/controllers) by extension 'cmake'
[0.153s] Level 1:colcon.colcon_core.package_identification:_identify(delete/controllers) by extension 'python'
[0.153s] Level 1:colcon.colcon_core.package_identification:_identify(delete/controllers) by extensions ['python_setup_py']
[0.153s] Level 1:colcon.colcon_core.package_identification:_identify(delete/controllers) by extension 'python_setup_py'
[0.153s] Level 1:colcon.colcon_core.package_identification:_identify(delete/libraries) by extensions ['ignore', 'ignore_ament_install']
[0.153s] Level 1:colcon.colcon_core.package_identification:_identify(delete/libraries) by extension 'ignore'
[0.153s] Level 1:colcon.colcon_core.package_identification:_identify(delete/libraries) by extension 'ignore_ament_install'
[0.154s] Level 1:colcon.colcon_core.package_identification:_identify(delete/libraries) by extensions ['colcon_pkg']
[0.154s] Level 1:colcon.colcon_core.package_identification:_identify(delete/libraries) by extension 'colcon_pkg'
[0.154s] Level 1:colcon.colcon_core.package_identification:_identify(delete/libraries) by extensions ['colcon_meta']
[0.154s] Level 1:colcon.colcon_core.package_identification:_identify(delete/libraries) by extension 'colcon_meta'
[0.154s] Level 1:colcon.colcon_core.package_identification:_identify(delete/libraries) by extensions ['ros']
[0.154s] Level 1:colcon.colcon_core.package_identification:_identify(delete/libraries) by extension 'ros'
[0.154s] Level 1:colcon.colcon_core.package_identification:_identify(delete/libraries) by extensions ['cmake', 'python']
[0.154s] Level 1:colcon.colcon_core.package_identification:_identify(delete/libraries) by extension 'cmake'
[0.154s] Level 1:colcon.colcon_core.package_identification:_identify(delete/libraries) by extension 'python'
[0.154s] Level 1:colcon.colcon_core.package_identification:_identify(delete/libraries) by extensions ['python_setup_py']
[0.154s] Level 1:colcon.colcon_core.package_identification:_identify(delete/libraries) by extension 'python_setup_py'
[0.154s] Level 1:colcon.colcon_core.package_identification:_identify(delete/plugins) by extensions ['ignore', 'ignore_ament_install']
[0.154s] Level 1:colcon.colcon_core.package_identification:_identify(delete/plugins) by extension 'ignore'
[0.154s] Level 1:colcon.colcon_core.package_identification:_identify(delete/plugins) by extension 'ignore_ament_install'
[0.154s] Level 1:colcon.colcon_core.package_identification:_identify(delete/plugins) by extensions ['colcon_pkg']
[0.154s] Level 1:colcon.colcon_core.package_identification:_identify(delete/plugins) by extension 'colcon_pkg'
[0.154s] Level 1:colcon.colcon_core.package_identification:_identify(delete/plugins) by extensions ['colcon_meta']
[0.154s] Level 1:colcon.colcon_core.package_identification:_identify(delete/plugins) by extension 'colcon_meta'
[0.154s] Level 1:colcon.colcon_core.package_identification:_identify(delete/plugins) by extensions ['ros']
[0.154s] Level 1:colcon.colcon_core.package_identification:_identify(delete/plugins) by extension 'ros'
[0.154s] Level 1:colcon.colcon_core.package_identification:_identify(delete/plugins) by extensions ['cmake', 'python']
[0.154s] Level 1:colcon.colcon_core.package_identification:_identify(delete/plugins) by extension 'cmake'
[0.154s] Level 1:colcon.colcon_core.package_identification:_identify(delete/plugins) by extension 'python'
[0.154s] Level 1:colcon.colcon_core.package_identification:_identify(delete/plugins) by extensions ['python_setup_py']
[0.154s] Level 1:colcon.colcon_core.package_identification:_identify(delete/plugins) by extension 'python_setup_py'
[0.154s] Level 1:colcon.colcon_core.package_identification:_identify(delete/plugins/physics) by extensions ['ignore', 'ignore_ament_install']
[0.154s] Level 1:colcon.colcon_core.package_identification:_identify(delete/plugins/physics) by extension 'ignore'
[0.154s] Level 1:colcon.colcon_core.package_identification:_identify(delete/plugins/physics) by extension 'ignore_ament_install'
[0.154s] Level 1:colcon.colcon_core.package_identification:_identify(delete/plugins/physics) by extensions ['colcon_pkg']
[0.154s] Level 1:colcon.colcon_core.package_identification:_identify(delete/plugins/physics) by extension 'colcon_pkg'
[0.154s] Level 1:colcon.colcon_core.package_identification:_identify(delete/plugins/physics) by extensions ['colcon_meta']
[0.154s] Level 1:colcon.colcon_core.package_identification:_identify(delete/plugins/physics) by extension 'colcon_meta'
[0.154s] Level 1:colcon.colcon_core.package_identification:_identify(delete/plugins/physics) by extensions ['ros']
[0.154s] Level 1:colcon.colcon_core.package_identification:_identify(delete/plugins/physics) by extension 'ros'
[0.154s] Level 1:colcon.colcon_core.package_identification:_identify(delete/plugins/physics) by extensions ['cmake', 'python']
[0.154s] Level 1:colcon.colcon_core.package_identification:_identify(delete/plugins/physics) by extension 'cmake'
[0.154s] Level 1:colcon.colcon_core.package_identification:_identify(delete/plugins/physics) by extension 'python'
[0.154s] Level 1:colcon.colcon_core.package_identification:_identify(delete/plugins/physics) by extensions ['python_setup_py']
[0.154s] Level 1:colcon.colcon_core.package_identification:_identify(delete/plugins/physics) by extension 'python_setup_py'
[0.154s] Level 1:colcon.colcon_core.package_identification:_identify(delete/plugins/remote_controls) by extensions ['ignore', 'ignore_ament_install']
[0.155s] Level 1:colcon.colcon_core.package_identification:_identify(delete/plugins/remote_controls) by extension 'ignore'
[0.155s] Level 1:colcon.colcon_core.package_identification:_identify(delete/plugins/remote_controls) by extension 'ignore_ament_install'
[0.155s] Level 1:colcon.colcon_core.package_identification:_identify(delete/plugins/remote_controls) by extensions ['colcon_pkg']
[0.155s] Level 1:colcon.colcon_core.package_identification:_identify(delete/plugins/remote_controls) by extension 'colcon_pkg'
[0.155s] Level 1:colcon.colcon_core.package_identification:_identify(delete/plugins/remote_controls) by extensions ['colcon_meta']
[0.155s] Level 1:colcon.colcon_core.package_identification:_identify(delete/plugins/remote_controls) by extension 'colcon_meta'
[0.155s] Level 1:colcon.colcon_core.package_identification:_identify(delete/plugins/remote_controls) by extensions ['ros']
[0.155s] Level 1:colcon.colcon_core.package_identification:_identify(delete/plugins/remote_controls) by extension 'ros'
[0.155s] Level 1:colcon.colcon_core.package_identification:_identify(delete/plugins/remote_controls) by extensions ['cmake', 'python']
[0.155s] Level 1:colcon.colcon_core.package_identification:_identify(delete/plugins/remote_controls) by extension 'cmake'
[0.155s] Level 1:colcon.colcon_core.package_identification:_identify(delete/plugins/remote_controls) by extension 'python'
[0.155s] Level 1:colcon.colcon_core.package_identification:_identify(delete/plugins/remote_controls) by extensions ['python_setup_py']
[0.155s] Level 1:colcon.colcon_core.package_identification:_identify(delete/plugins/remote_controls) by extension 'python_setup_py'
[0.155s] Level 1:colcon.colcon_core.package_identification:_identify(delete/plugins/robot_windows) by extensions ['ignore', 'ignore_ament_install']
[0.155s] Level 1:colcon.colcon_core.package_identification:_identify(delete/plugins/robot_windows) by extension 'ignore'
[0.155s] Level 1:colcon.colcon_core.package_identification:_identify(delete/plugins/robot_windows) by extension 'ignore_ament_install'
[0.155s] Level 1:colcon.colcon_core.package_identification:_identify(delete/plugins/robot_windows) by extensions ['colcon_pkg']
[0.155s] Level 1:colcon.colcon_core.package_identification:_identify(delete/plugins/robot_windows) by extension 'colcon_pkg'
[0.155s] Level 1:colcon.colcon_core.package_identification:_identify(delete/plugins/robot_windows) by extensions ['colcon_meta']
[0.155s] Level 1:colcon.colcon_core.package_identification:_identify(delete/plugins/robot_windows) by extension 'colcon_meta'
[0.155s] Level 1:colcon.colcon_core.package_identification:_identify(delete/plugins/robot_windows) by extensions ['ros']
[0.155s] Level 1:colcon.colcon_core.package_identification:_identify(delete/plugins/robot_windows) by extension 'ros'
[0.155s] Level 1:colcon.colcon_core.package_identification:_identify(delete/plugins/robot_windows) by extensions ['cmake', 'python']
[0.155s] Level 1:colcon.colcon_core.package_identification:_identify(delete/plugins/robot_windows) by extension 'cmake'
[0.155s] Level 1:colcon.colcon_core.package_identification:_identify(delete/plugins/robot_windows) by extension 'python'
[0.155s] Level 1:colcon.colcon_core.package_identification:_identify(delete/plugins/robot_windows) by extensions ['python_setup_py']
[0.155s] Level 1:colcon.colcon_core.package_identification:_identify(delete/plugins/robot_windows) by extension 'python_setup_py'
[0.155s] Level 1:colcon.colcon_core.package_identification:_identify(delete/protos) by extensions ['ignore', 'ignore_ament_install']
[0.155s] Level 1:colcon.colcon_core.package_identification:_identify(delete/protos) by extension 'ignore'
[0.155s] Level 1:colcon.colcon_core.package_identification:_identify(delete/protos) by extension 'ignore_ament_install'
[0.155s] Level 1:colcon.colcon_core.package_identification:_identify(delete/protos) by extensions ['colcon_pkg']
[0.155s] Level 1:colcon.colcon_core.package_identification:_identify(delete/protos) by extension 'colcon_pkg'
[0.155s] Level 1:colcon.colcon_core.package_identification:_identify(delete/protos) by extensions ['colcon_meta']
[0.155s] Level 1:colcon.colcon_core.package_identification:_identify(delete/protos) by extension 'colcon_meta'
[0.155s] Level 1:colcon.colcon_core.package_identification:_identify(delete/protos) by extensions ['ros']
[0.155s] Level 1:colcon.colcon_core.package_identification:_identify(delete/protos) by extension 'ros'
[0.155s] Level 1:colcon.colcon_core.package_identification:_identify(delete/protos) by extensions ['cmake', 'python']
[0.155s] Level 1:colcon.colcon_core.package_identification:_identify(delete/protos) by extension 'cmake'
[0.155s] Level 1:colcon.colcon_core.package_identification:_identify(delete/protos) by extension 'python'
[0.155s] Level 1:colcon.colcon_core.package_identification:_identify(delete/protos) by extensions ['python_setup_py']
[0.155s] Level 1:colcon.colcon_core.package_identification:_identify(delete/protos) by extension 'python_setup_py'
[0.156s] Level 1:colcon.colcon_core.package_identification:_identify(delete/worlds) by extensions ['ignore', 'ignore_ament_install']
[0.156s] Level 1:colcon.colcon_core.package_identification:_identify(delete/worlds) by extension 'ignore'
[0.156s] Level 1:colcon.colcon_core.package_identification:_identify(delete/worlds) by extension 'ignore_ament_install'
[0.156s] Level 1:colcon.colcon_core.package_identification:_identify(delete/worlds) by extensions ['colcon_pkg']
[0.156s] Level 1:colcon.colcon_core.package_identification:_identify(delete/worlds) by extension 'colcon_pkg'
[0.156s] Level 1:colcon.colcon_core.package_identification:_identify(delete/worlds) by extensions ['colcon_meta']
[0.156s] Level 1:colcon.colcon_core.package_identification:_identify(delete/worlds) by extension 'colcon_meta'
[0.156s] Level 1:colcon.colcon_core.package_identification:_identify(delete/worlds) by extensions ['ros']
[0.156s] Level 1:colcon.colcon_core.package_identification:_identify(delete/worlds) by extension 'ros'
[0.156s] Level 1:colcon.colcon_core.package_identification:_identify(delete/worlds) by extensions ['cmake', 'python']
[0.156s] Level 1:colcon.colcon_core.package_identification:_identify(delete/worlds) by extension 'cmake'
[0.156s] Level 1:colcon.colcon_core.package_identification:_identify(delete/worlds) by extension 'python'
[0.156s] Level 1:colcon.colcon_core.package_identification:_identify(delete/worlds) by extensions ['python_setup_py']
[0.156s] Level 1:colcon.colcon_core.package_identification:_identify(delete/worlds) by extension 'python_setup_py'
[0.156s] Level 1:colcon.colcon_core.package_identification:_identify(install) by extensions ['ignore', 'ignore_ament_install']
[0.156s] Level 1:colcon.colcon_core.package_identification:_identify(install) by extension 'ignore'
[0.156s] Level 1:colcon.colcon_core.package_identification:_identify(install) ignored
[0.156s] Level 1:colcon.colcon_core.package_identification:_identify(log) by extensions ['ignore', 'ignore_ament_install']
[0.156s] Level 1:colcon.colcon_core.package_identification:_identify(log) by extension 'ignore'
[0.156s] Level 1:colcon.colcon_core.package_identification:_identify(log) ignored
[0.156s] Level 1:colcon.colcon_core.package_identification:_identify(mantis) by extensions ['ignore', 'ignore_ament_install']
[0.156s] Level 1:colcon.colcon_core.package_identification:_identify(mantis) by extension 'ignore'
[0.156s] Level 1:colcon.colcon_core.package_identification:_identify(mantis) by extension 'ignore_ament_install'
[0.156s] Level 1:colcon.colcon_core.package_identification:_identify(mantis) by extensions ['colcon_pkg']
[0.156s] Level 1:colcon.colcon_core.package_identification:_identify(mantis) by extension 'colcon_pkg'
[0.156s] Level 1:colcon.colcon_core.package_identification:_identify(mantis) by extensions ['colcon_meta']
[0.156s] Level 1:colcon.colcon_core.package_identification:_identify(mantis) by extension 'colcon_meta'
[0.156s] Level 1:colcon.colcon_core.package_identification:_identify(mantis) by extensions ['ros']
[0.156s] Level 1:colcon.colcon_core.package_identification:_identify(mantis) by extension 'ros'
[0.156s] Level 1:colcon.colcon_core.package_identification:_identify(mantis) by extensions ['cmake', 'python']
[0.156s] Level 1:colcon.colcon_core.package_identification:_identify(mantis) by extension 'cmake'
[0.156s] Level 1:colcon.colcon_core.package_identification:_identify(mantis) by extension 'python'
[0.156s] Level 1:colcon.colcon_core.package_identification:_identify(mantis) by extensions ['python_setup_py']
[0.156s] Level 1:colcon.colcon_core.package_identification:_identify(mantis) by extension 'python_setup_py'
[0.156s] Level 1:colcon.colcon_core.package_identification:_identify(src) by extensions ['ignore', 'ignore_ament_install']
[0.156s] Level 1:colcon.colcon_core.package_identification:_identify(src) by extension 'ignore'
[0.157s] Level 1:colcon.colcon_core.package_identification:_identify(src) by extension 'ignore_ament_install'
[0.157s] Level 1:colcon.colcon_core.package_identification:_identify(src) by extensions ['colcon_pkg']
[0.157s] Level 1:colcon.colcon_core.package_identification:_identify(src) by extension 'colcon_pkg'
[0.157s] Level 1:colcon.colcon_core.package_identification:_identify(src) by extensions ['colcon_meta']
[0.157s] Level 1:colcon.colcon_core.package_identification:_identify(src) by extension 'colcon_meta'
[0.157s] Level 1:colcon.colcon_core.package_identification:_identify(src) by extensions ['ros']
[0.157s] Level 1:colcon.colcon_core.package_identification:_identify(src) by extension 'ros'
[0.157s] Level 1:colcon.colcon_core.package_identification:_identify(src) by extensions ['cmake', 'python']
[0.157s] Level 1:colcon.colcon_core.package_identification:_identify(src) by extension 'cmake'
[0.157s] Level 1:colcon.colcon_core.package_identification:_identify(src) by extension 'python'
[0.157s] Level 1:colcon.colcon_core.package_identification:_identify(src) by extensions ['python_setup_py']
[0.157s] Level 1:colcon.colcon_core.package_identification:_identify(src) by extension 'python_setup_py'
[0.157s] Level 1:colcon.colcon_core.package_identification:_identify(src/empty) by extensions ['ignore', 'ignore_ament_install']
[0.157s] Level 1:colcon.colcon_core.package_identification:_identify(src/empty) by extension 'ignore'
[0.157s] Level 1:colcon.colcon_core.package_identification:_identify(src/empty) by extension 'ignore_ament_install'
[0.157s] Level 1:colcon.colcon_core.package_identification:_identify(src/empty) by extensions ['colcon_pkg']
[0.157s] Level 1:colcon.colcon_core.package_identification:_identify(src/empty) by extension 'colcon_pkg'
[0.157s] Level 1:colcon.colcon_core.package_identification:_identify(src/empty) by extensions ['colcon_meta']
[0.157s] Level 1:colcon.colcon_core.package_identification:_identify(src/empty) by extension 'colcon_meta'
[0.157s] Level 1:colcon.colcon_core.package_identification:_identify(src/empty) by extensions ['ros']
[0.157s] Level 1:colcon.colcon_core.package_identification:_identify(src/empty) by extension 'ros'
[0.157s] Level 1:colcon.colcon_core.package_identification:_identify(src/empty) by extensions ['cmake', 'python']
[0.157s] Level 1:colcon.colcon_core.package_identification:_identify(src/empty) by extension 'cmake'
[0.157s] Level 1:colcon.colcon_core.package_identification:_identify(src/empty) by extension 'python'
[0.157s] Level 1:colcon.colcon_core.package_identification:_identify(src/empty) by extensions ['python_setup_py']
[0.157s] Level 1:colcon.colcon_core.package_identification:_identify(src/empty) by extension 'python_setup_py'
[0.157s] Level 1:colcon.colcon_core.package_identification:_identify(src/hexapod_mantis) by extensions ['ignore', 'ignore_ament_install']
[0.157s] Level 1:colcon.colcon_core.package_identification:_identify(src/hexapod_mantis) by extension 'ignore'
[0.157s] Level 1:colcon.colcon_core.package_identification:_identify(src/hexapod_mantis) by extension 'ignore_ament_install'
[0.157s] Level 1:colcon.colcon_core.package_identification:_identify(src/hexapod_mantis) by extensions ['colcon_pkg']
[0.157s] Level 1:colcon.colcon_core.package_identification:_identify(src/hexapod_mantis) by extension 'colcon_pkg'
[0.157s] Level 1:colcon.colcon_core.package_identification:_identify(src/hexapod_mantis) by extensions ['colcon_meta']
[0.157s] Level 1:colcon.colcon_core.package_identification:_identify(src/hexapod_mantis) by extension 'colcon_meta'
[0.157s] Level 1:colcon.colcon_core.package_identification:_identify(src/hexapod_mantis) by extensions ['ros']
[0.157s] Level 1:colcon.colcon_core.package_identification:_identify(src/hexapod_mantis) by extension 'ros'
[0.159s] DEBUG:colcon.colcon_core.package_identification:Package 'src/hexapod_mantis' with type 'ros.ament_cmake' and name 'hexapod_mantis'
[0.159s] Level 1:colcon.colcon_core.package_discovery:discover_packages(recursive) using defaults
[0.159s] Level 1:colcon.colcon_core.package_discovery:discover_packages(ignore) discover
[0.159s] Level 1:colcon.colcon_core.package_discovery:discover_packages(ignore) using defaults
[0.159s] Level 1:colcon.colcon_core.package_discovery:discover_packages(path) discover
[0.159s] Level 1:colcon.colcon_core.package_discovery:discover_packages(path) using defaults
[0.171s] Level 1:colcon.colcon_core.package_discovery:discover_packages(prefix_path) check parameters
[0.171s] Level 1:colcon.colcon_core.package_discovery:discover_packages(prefix_path) discover
[0.171s] WARNING:colcon.colcon_ros.prefix_path.ament:The path '/home/naomi/ROS2Dev/mantis/install/hexapod_mantis' in the environment variable AMENT_PREFIX_PATH doesn't exist
[0.172s] WARNING:colcon.colcon_ros.prefix_path.catkin:The path '/home/naomi/ROS2Dev/mantis/install/hexapod_mantis' in the environment variable CMAKE_PREFIX_PATH doesn't exist
[0.172s] DEBUG:colcon.colcon_installed_package_information.package_discovery:Found 0 installed packages in /home/naomi/ROS2Dev/mantis/install
[0.173s] DEBUG:colcon.colcon_installed_package_information.package_discovery:Found 240 installed packages in /opt/ros/humble
[0.173s] Level 1:colcon.colcon_core.package_discovery:discover_packages(prefix_path) using defaults
[0.196s] Level 5:colcon.colcon_core.verb:set package 'hexapod_mantis' build argument 'cmake_args' from command line to 'None'
[0.196s] Level 5:colcon.colcon_core.verb:set package 'hexapod_mantis' build argument 'cmake_target' from command line to 'None'
[0.196s] Level 5:colcon.colcon_core.verb:set package 'hexapod_mantis' build argument 'cmake_target_skip_unavailable' from command line to 'False'
[0.196s] Level 5:colcon.colcon_core.verb:set package 'hexapod_mantis' build argument 'cmake_clean_cache' from command line to 'False'
[0.196s] Level 5:colcon.colcon_core.verb:set package 'hexapod_mantis' build argument 'cmake_clean_first' from command line to 'False'
[0.196s] Level 5:colcon.colcon_core.verb:set package 'hexapod_mantis' build argument 'cmake_force_configure' from command line to 'False'
[0.196s] Level 5:colcon.colcon_core.verb:set package 'hexapod_mantis' build argument 'ament_cmake_args' from command line to 'None'
[0.196s] Level 5:colcon.colcon_core.verb:set package 'hexapod_mantis' build argument 'catkin_cmake_args' from command line to 'None'
[0.196s] Level 5:colcon.colcon_core.verb:set package 'hexapod_mantis' build argument 'catkin_skip_building_tests' from command line to 'False'
[0.196s] DEBUG:colcon.colcon_core.verb:Building package 'hexapod_mantis' with the following arguments: {'ament_cmake_args': None, 'build_base': '/home/naomi/ROS2Dev/mantis/build/hexapod_mantis', 'catkin_cmake_args': None, 'catkin_skip_building_tests': False, 'cmake_args': None, 'cmake_clean_cache': False, 'cmake_clean_first': False, 'cmake_force_configure': False, 'cmake_target': None, 'cmake_target_skip_unavailable': False, 'install_base': '/home/naomi/ROS2Dev/mantis/install/hexapod_mantis', 'merge_install': False, 'path': '/home/naomi/ROS2Dev/mantis/src/hexapod_mantis', 'symlink_install': True, 'test_result_base': None}
[0.196s] INFO:colcon.colcon_core.executor:Executing jobs using 'parallel' executor
[0.197s] DEBUG:colcon.colcon_parallel_executor.executor.parallel:run_until_complete
[0.197s] INFO:colcon.colcon_ros.task.ament_cmake.build:Building ROS package in '/home/naomi/ROS2Dev/mantis/src/hexapod_mantis' with build type 'ament_cmake'
[0.197s] INFO:colcon.colcon_cmake.task.cmake.build:Building CMake package in '/home/naomi/ROS2Dev/mantis/src/hexapod_mantis'
[0.198s] INFO:colcon.colcon_core.plugin_system:Skipping extension 'colcon_core.shell.bat': Not used on non-Windows systems
[0.198s] INFO:colcon.colcon_core.shell:Skip shell extension 'powershell' for command environment: Not usable outside of PowerShell
[0.198s] DEBUG:colcon.colcon_core.shell:Skip shell extension 'dsv' for command environment
[0.203s] DEBUG:colcon.colcon_core.event_handler.log_command:Invoking command in '/home/naomi/ROS2Dev/mantis/build/hexapod_mantis': CMAKE_PREFIX_PATH=${CMAKE_PREFIX_PATH}:/opt/ros/humble PS1=\[\e[1;32m\]\u@\h \[\e[1;34m\]\w\[\e[0;33m\]$(__git_ps1 " (%s)")\[\e[0m\]\$ /usr/bin/cmake /home/naomi/ROS2Dev/mantis/src/hexapod_mantis -DAMENT_CMAKE_SYMLINK_INSTALL=1 -DCMAKE_INSTALL_PREFIX=/home/naomi/ROS2Dev/mantis/install/hexapod_mantis
[1.061s] DEBUG:colcon.colcon_core.event_handler.log_command:Invoked command in '/home/naomi/ROS2Dev/mantis/build/hexapod_mantis' returned '0': CMAKE_PREFIX_PATH=${CMAKE_PREFIX_PATH}:/opt/ros/humble PS1=\[\e[1;32m\]\u@\h \[\e[1;34m\]\w\[\e[0;33m\]$(__git_ps1 " (%s)")\[\e[0m\]\$ /usr/bin/cmake /home/naomi/ROS2Dev/mantis/src/hexapod_mantis -DAMENT_CMAKE_SYMLINK_INSTALL=1 -DCMAKE_INSTALL_PREFIX=/home/naomi/ROS2Dev/mantis/install/hexapod_mantis
[1.062s] DEBUG:colcon.colcon_core.event_handler.log_command:Invoking command in '/home/naomi/ROS2Dev/mantis/build/hexapod_mantis': CMAKE_PREFIX_PATH=${CMAKE_PREFIX_PATH}:/opt/ros/humble PS1=\[\e[1;32m\]\u@\h \[\e[1;34m\]\w\[\e[0;33m\]$(__git_ps1 " (%s)")\[\e[0m\]\$ /usr/bin/cmake --build /home/naomi/ROS2Dev/mantis/build/hexapod_mantis -- -j16 -l16
[1.097s] DEBUG:colcon.colcon_core.event_handler.log_command:Invoked command in '/home/naomi/ROS2Dev/mantis/build/hexapod_mantis' returned '0': CMAKE_PREFIX_PATH=${CMAKE_PREFIX_PATH}:/opt/ros/humble PS1=\[\e[1;32m\]\u@\h \[\e[1;34m\]\w\[\e[0;33m\]$(__git_ps1 " (%s)")\[\e[0m\]\$ /usr/bin/cmake --build /home/naomi/ROS2Dev/mantis/build/hexapod_mantis -- -j16 -l16
[1.113s] DEBUG:colcon.colcon_core.event_handler.log_command:Invoking command in '/home/naomi/ROS2Dev/mantis/build/hexapod_mantis': CMAKE_PREFIX_PATH=${CMAKE_PREFIX_PATH}:/opt/ros/humble PS1=\[\e[1;32m\]\u@\h \[\e[1;34m\]\w\[\e[0;33m\]$(__git_ps1 " (%s)")\[\e[0m\]\$ /usr/bin/cmake --install /home/naomi/ROS2Dev/mantis/build/hexapod_mantis
[1.461s] Level 1:colcon.colcon_core.environment:create_environment_scripts_only(hexapod_mantis)
[1.462s] DEBUG:colcon.colcon_core.event_handler.log_command:Invoked command in '/home/naomi/ROS2Dev/mantis/build/hexapod_mantis' returned '0': CMAKE_PREFIX_PATH=${CMAKE_PREFIX_PATH}:/opt/ros/humble PS1=\[\e[1;32m\]\u@\h \[\e[1;34m\]\w\[\e[0;33m\]$(__git_ps1 " (%s)")\[\e[0m\]\$ /usr/bin/cmake --install /home/naomi/ROS2Dev/mantis/build/hexapod_mantis
[1.463s] Level 1:colcon.colcon_core.environment:checking '/home/naomi/ROS2Dev/mantis/install/hexapod_mantis' for CMake module files
[1.463s] Level 1:colcon.colcon_core.environment:checking '/home/naomi/ROS2Dev/mantis/install/hexapod_mantis' for CMake config files
[1.464s] Level 1:colcon.colcon_core.shell:create_environment_hook('hexapod_mantis', 'cmake_prefix_path')
[1.464s] INFO:colcon.colcon_core.shell:Creating environment hook '/home/naomi/ROS2Dev/mantis/install/hexapod_mantis/share/hexapod_mantis/hook/cmake_prefix_path.ps1'
[1.465s] INFO:colcon.colcon_core.shell:Creating environment descriptor '/home/naomi/ROS2Dev/mantis/install/hexapod_mantis/share/hexapod_mantis/hook/cmake_prefix_path.dsv'
[1.465s] INFO:colcon.colcon_core.shell:Creating environment hook '/home/naomi/ROS2Dev/mantis/install/hexapod_mantis/share/hexapod_mantis/hook/cmake_prefix_path.sh'
[1.466s] Level 1:colcon.colcon_core.environment:checking '/home/naomi/ROS2Dev/mantis/install/hexapod_mantis/bin'
[1.466s] Level 1:colcon.colcon_core.environment:checking '/home/naomi/ROS2Dev/mantis/install/hexapod_mantis/lib/pkgconfig/hexapod_mantis.pc'
[1.466s] Level 1:colcon.colcon_core.environment:checking '/home/naomi/ROS2Dev/mantis/install/hexapod_mantis/lib/python3.10/site-packages'
[1.466s] Level 1:colcon.colcon_core.environment:checking '/home/naomi/ROS2Dev/mantis/install/hexapod_mantis/bin'
[1.467s] INFO:colcon.colcon_core.shell:Creating package script '/home/naomi/ROS2Dev/mantis/install/hexapod_mantis/share/hexapod_mantis/package.ps1'
[1.468s] INFO:colcon.colcon_core.shell:Creating package descriptor '/home/naomi/ROS2Dev/mantis/install/hexapod_mantis/share/hexapod_mantis/package.dsv'
[1.468s] INFO:colcon.colcon_core.shell:Creating package script '/home/naomi/ROS2Dev/mantis/install/hexapod_mantis/share/hexapod_mantis/package.sh'
[1.469s] INFO:colcon.colcon_core.shell:Creating package script '/home/naomi/ROS2Dev/mantis/install/hexapod_mantis/share/hexapod_mantis/package.bash'
[1.470s] INFO:colcon.colcon_core.shell:Creating package script '/home/naomi/ROS2Dev/mantis/install/hexapod_mantis/share/hexapod_mantis/package.zsh'
[1.470s] Level 1:colcon.colcon_core.environment:create_file_with_runtime_dependencies(/home/naomi/ROS2Dev/mantis/install/hexapod_mantis/share/colcon-core/packages/hexapod_mantis)
[1.471s] Level 1:colcon.colcon_core.environment:create_environment_scripts_only(hexapod_mantis)
[1.471s] Level 1:colcon.colcon_core.environment:checking '/home/naomi/ROS2Dev/mantis/install/hexapod_mantis' for CMake module files
[1.472s] Level 1:colcon.colcon_core.environment:checking '/home/naomi/ROS2Dev/mantis/install/hexapod_mantis' for CMake config files
[1.473s] Level 1:colcon.colcon_core.shell:create_environment_hook('hexapod_mantis', 'cmake_prefix_path')
[1.473s] INFO:colcon.colcon_core.shell:Creating environment hook '/home/naomi/ROS2Dev/mantis/install/hexapod_mantis/share/hexapod_mantis/hook/cmake_prefix_path.ps1'
[1.474s] INFO:colcon.colcon_core.shell:Creating environment descriptor '/home/naomi/ROS2Dev/mantis/install/hexapod_mantis/share/hexapod_mantis/hook/cmake_prefix_path.dsv'
[1.474s] INFO:colcon.colcon_core.shell:Creating environment hook '/home/naomi/ROS2Dev/mantis/install/hexapod_mantis/share/hexapod_mantis/hook/cmake_prefix_path.sh'
[1.474s] Level 1:colcon.colcon_core.environment:checking '/home/naomi/ROS2Dev/mantis/install/hexapod_mantis/bin'
[1.474s] Level 1:colcon.colcon_core.environment:checking '/home/naomi/ROS2Dev/mantis/install/hexapod_mantis/lib/pkgconfig/hexapod_mantis.pc'
[1.475s] Level 1:colcon.colcon_core.environment:checking '/home/naomi/ROS2Dev/mantis/install/hexapod_mantis/lib/python3.10/site-packages'
[1.475s] Level 1:colcon.colcon_core.environment:checking '/home/naomi/ROS2Dev/mantis/install/hexapod_mantis/bin'
[1.475s] INFO:colcon.colcon_core.shell:Creating package script '/home/naomi/ROS2Dev/mantis/install/hexapod_mantis/share/hexapod_mantis/package.ps1'
[1.476s] INFO:colcon.colcon_core.shell:Creating package descriptor '/home/naomi/ROS2Dev/mantis/install/hexapod_mantis/share/hexapod_mantis/package.dsv'
[1.476s] INFO:colcon.colcon_core.shell:Creating package script '/home/naomi/ROS2Dev/mantis/install/hexapod_mantis/share/hexapod_mantis/package.sh'
[1.477s] INFO:colcon.colcon_core.shell:Creating package script '/home/naomi/ROS2Dev/mantis/install/hexapod_mantis/share/hexapod_mantis/package.bash'
[1.477s] INFO:colcon.colcon_core.shell:Creating package script '/home/naomi/ROS2Dev/mantis/install/hexapod_mantis/share/hexapod_mantis/package.zsh'
[1.477s] Level 1:colcon.colcon_core.environment:create_file_with_runtime_dependencies(/home/naomi/ROS2Dev/mantis/install/hexapod_mantis/share/colcon-core/packages/hexapod_mantis)
[1.477s] DEBUG:colcon.colcon_parallel_executor.executor.parallel:closing loop
[1.478s] DEBUG:colcon.colcon_parallel_executor.executor.parallel:loop closed
[1.478s] DEBUG:colcon.colcon_parallel_executor.executor.parallel:run_until_complete finished with '0'
[1.478s] DEBUG:colcon.colcon_core.event_reactor:joining thread
[1.481s] INFO:colcon.colcon_core.plugin_system:Skipping extension 'colcon_notification.desktop_notification.terminal_notifier': Not used on non-Darwin systems
[1.481s] INFO:colcon.colcon_core.plugin_system:Skipping extension 'colcon_notification.desktop_notification.win32': Not used on non-Windows systems
[1.481s] INFO:colcon.colcon_notification.desktop_notification:Sending desktop notification using 'notify2'
[1.496s] DEBUG:colcon.colcon_core.event_reactor:joined thread
[1.496s] INFO:colcon.colcon_core.shell:Creating prefix script '/home/naomi/ROS2Dev/mantis/install/local_setup.ps1'
[1.498s] INFO:colcon.colcon_core.shell:Creating prefix util module '/home/naomi/ROS2Dev/mantis/install/_local_setup_util_ps1.py'
[1.500s] INFO:colcon.colcon_core.shell:Creating prefix chain script '/home/naomi/ROS2Dev/mantis/install/setup.ps1'
[1.502s] INFO:colcon.colcon_core.shell:Creating prefix script '/home/naomi/ROS2Dev/mantis/install/local_setup.sh'
[1.502s] INFO:colcon.colcon_core.shell:Creating prefix util module '/home/naomi/ROS2Dev/mantis/install/_local_setup_util_sh.py'
[1.503s] INFO:colcon.colcon_core.shell:Creating prefix chain script '/home/naomi/ROS2Dev/mantis/install/setup.sh'
[1.504s] INFO:colcon.colcon_core.shell:Creating prefix script '/home/naomi/ROS2Dev/mantis/install/local_setup.bash'
[1.504s] INFO:colcon.colcon_core.shell:Creating prefix chain script '/home/naomi/ROS2Dev/mantis/install/setup.bash'
[1.505s] INFO:colcon.colcon_core.shell:Creating prefix script '/home/naomi/ROS2Dev/mantis/install/local_setup.zsh'
[1.506s] INFO:colcon.colcon_core.shell:Creating prefix chain script '/home/naomi/ROS2Dev/mantis/install/setup.zsh'
