[0.006s] Invoking command in '/home/naomi/ROS2Dev/mantis/build/hexapod_mantis': CMAKE_PREFIX_PATH=${CMAKE_PREFIX_PATH}:/opt/ros/humble PS1=\[\e[1;32m\]\u@\h \[\e[1;34m\]\w\[\e[0;33m\]$(__git_ps1 " (%s)")\[\e[0m\]\$ /usr/bin/cmake /home/naomi/ROS2Dev/mantis/src/hexapod_mantis -DAMENT_CMAKE_SYMLINK_INSTALL=1 -DCMAKE_INSTALL_PREFIX=/home/naomi/ROS2Dev/mantis/install/hexapod_mantis
[0.013s] -- Found ament_cmake: 1.3.13 (/opt/ros/humble/share/ament_cmake/cmake)
[0.084s] -- Override CMake install command with custom implementation using symlinks instead of copying resources
[0.088s] -- Found rclcpp: 16.0.18 (/opt/ros/humble/share/rclcpp/cmake)
[0.105s] -- Found rosidl_generator_c: 3.1.8 (/opt/ros/humble/share/rosidl_generator_c/cmake)
[0.106s] -- Found rosidl_adapter: 3.1.8 (/opt/ros/humble/share/rosidl_adapter/cmake)
[0.110s] -- Found rosidl_generator_cpp: 3.1.8 (/opt/ros/humble/share/rosidl_generator_cpp/cmake)
[0.115s] -- Using all available rosidl_typesupport_c: rosidl_typesupport_fastrtps_c;rosidl_typesupport_introspection_c
[0.122s] -- Using all available rosidl_typesupport_cpp: rosidl_typesupport_fastrtps_cpp;rosidl_typesupport_introspection_cpp
[0.141s] -- Found rmw_implementation_cmake: 6.1.2 (/opt/ros/humble/share/rmw_implementation_cmake/cmake)
[0.142s] -- Found rmw_fastrtps_cpp: 6.2.10 (/opt/ros/humble/share/rmw_fastrtps_cpp/cmake)
[0.200s] -- Using RMW implementation 'rmw_fastrtps_cpp' as default
[0.228s] -- Found rclpy: 3.3.20 (/opt/ros/humble/share/rclpy/cmake)
[0.228s] -- Found geometry_msgs: 4.9.1 (/opt/ros/humble/share/geometry_msgs/cmake)
[0.236s] -- Found sensor_msgs: 4.9.1 (/opt/ros/humble/share/sensor_msgs/cmake)
[0.245s] -- Found tf2_ros: 0.25.19 (/opt/ros/humble/share/tf2_ros/cmake)
[0.293s] -- Found tf2_geometry_msgs: 0.25.19 (/opt/ros/humble/share/tf2_geometry_msgs/cmake)
[0.295s] -- Found eigen3_cmake_module: 0.1.1 (/opt/ros/humble/share/eigen3_cmake_module/cmake)
[0.296s] -- Ensuring Eigen3 include directory is part of orocos-kdl CMake target
[0.296s] -- Found cv_bridge: 3.2.1 (/opt/ros/humble/share/cv_bridge/cmake)
[0.302s] -- Found pluginlib: 5.1.3 (/opt/ros/humble/share/pluginlib/cmake)
[0.348s] -- Configuring done
[0.351s] -- Generating done
[0.352s] -- Build files have been written to: /home/naomi/ROS2Dev/mantis/build/hexapod_mantis
[0.359s] Invoked command in '/home/naomi/ROS2Dev/mantis/build/hexapod_mantis' returned '0': CMAKE_PREFIX_PATH=${CMAKE_PREFIX_PATH}:/opt/ros/humble PS1=\[\e[1;32m\]\u@\h \[\e[1;34m\]\w\[\e[0;33m\]$(__git_ps1 " (%s)")\[\e[0m\]\$ /usr/bin/cmake /home/naomi/ROS2Dev/mantis/src/hexapod_mantis -DAMENT_CMAKE_SYMLINK_INSTALL=1 -DCMAKE_INSTALL_PREFIX=/home/naomi/ROS2Dev/mantis/install/hexapod_mantis
[0.360s] Invoking command in '/home/naomi/ROS2Dev/mantis/build/hexapod_mantis': CMAKE_PREFIX_PATH=${CMAKE_PREFIX_PATH}:/opt/ros/humble PS1=\[\e[1;32m\]\u@\h \[\e[1;34m\]\w\[\e[0;33m\]$(__git_ps1 " (%s)")\[\e[0m\]\$ /usr/bin/cmake --build /home/naomi/ROS2Dev/mantis/build/hexapod_mantis -- -j16 -l16
[0.388s] Invoked command in '/home/naomi/ROS2Dev/mantis/build/hexapod_mantis' returned '0': CMAKE_PREFIX_PATH=${CMAKE_PREFIX_PATH}:/opt/ros/humble PS1=\[\e[1;32m\]\u@\h \[\e[1;34m\]\w\[\e[0;33m\]$(__git_ps1 " (%s)")\[\e[0m\]\$ /usr/bin/cmake --build /home/naomi/ROS2Dev/mantis/build/hexapod_mantis -- -j16 -l16
[0.401s] Invoking command in '/home/naomi/ROS2Dev/mantis/build/hexapod_mantis': CMAKE_PREFIX_PATH=${CMAKE_PREFIX_PATH}:/opt/ros/humble PS1=\[\e[1;32m\]\u@\h \[\e[1;34m\]\w\[\e[0;33m\]$(__git_ps1 " (%s)")\[\e[0m\]\$ /usr/bin/cmake --install /home/naomi/ROS2Dev/mantis/build/hexapod_mantis
[0.410s] -- Install configuration: ""
[0.411s] -- Execute custom install script
[0.411s] -- Symlinking: /home/naomi/ROS2Dev/mantis/install/hexapod_mantis/share/hexapod_mantis/controllers/Makefile
[0.419s] -- Symlinking: /home/naomi/ROS2Dev/mantis/install/hexapod_mantis/share/hexapod_mantis/controllers/mantis/.gitignore
[0.425s] -- Symlinking: /home/naomi/ROS2Dev/mantis/install/hexapod_mantis/share/hexapod_mantis/controllers/mantis/Makefile
[0.436s] -- Symlinking: /home/naomi/ROS2Dev/mantis/install/hexapod_mantis/share/hexapod_mantis/controllers/mantis/mantis.c
[0.444s] -- Symlinking: /home/naomi/ROS2Dev/mantis/install/hexapod_mantis/share/hexapod_mantis/controllers/mantis/mantis.py
[0.449s] -- Symlinking: /home/naomi/ROS2Dev/mantis/install/hexapod_mantis/share/hexapod_mantis/controllers/mantis_hex/__init__.py
[0.454s] -- Symlinking: /home/naomi/ROS2Dev/mantis/install/hexapod_mantis/share/hexapod_mantis/controllers/mantis_hex/mantis_hex.py
[0.460s] -- Symlinking: /home/naomi/ROS2Dev/mantis/install/hexapod_mantis/share/hexapod_mantis/controllers/respaldo/.gitignore
[0.465s] -- Symlinking: /home/naomi/ROS2Dev/mantis/install/hexapod_mantis/share/hexapod_mantis/controllers/respaldo/Makefile
[0.469s] -- Symlinking: /home/naomi/ROS2Dev/mantis/install/hexapod_mantis/share/hexapod_mantis/controllers/respaldo/mantis_hex.c
[0.474s] -- Symlinking: /home/naomi/ROS2Dev/mantis/install/hexapod_mantis/share/hexapod_mantis/launch/webots_mantis.launch.xml
[0.479s] -- Symlinking: /home/naomi/ROS2Dev/mantis/install/hexapod_mantis/share/hexapod_mantis/models/A.dae
[0.484s] -- Symlinking: /home/naomi/ROS2Dev/mantis/install/hexapod_mantis/share/hexapod_mantis/models/A_collider.dae
[0.488s] -- Symlinking: /home/naomi/ROS2Dev/mantis/install/hexapod_mantis/share/hexapod_mantis/models/B.dae
[0.493s] -- Symlinking: /home/naomi/ROS2Dev/mantis/install/hexapod_mantis/share/hexapod_mantis/models/B_collider.dae
[0.498s] -- Symlinking: /home/naomi/ROS2Dev/mantis/install/hexapod_mantis/share/hexapod_mantis/models/C.dae
[0.502s] -- Symlinking: /home/naomi/ROS2Dev/mantis/install/hexapod_mantis/share/hexapod_mantis/models/C_collider.dae
[0.507s] -- Symlinking: /home/naomi/ROS2Dev/mantis/install/hexapod_mantis/share/hexapod_mantis/models/base.dae
[0.512s] -- Symlinking: /home/naomi/ROS2Dev/mantis/install/hexapod_mantis/share/hexapod_mantis/models/base_collider.dae
[0.516s] -- Symlinking: /home/naomi/ROS2Dev/mantis/install/hexapod_mantis/share/hexapod_mantis/protos/Mantis.proto
[0.521s] -- Symlinking: /home/naomi/ROS2Dev/mantis/install/hexapod_mantis/share/hexapod_mantis/protos/backgrounds/SandyGround.proto
[0.526s] -- Symlinking: /home/naomi/ROS2Dev/mantis/install/hexapod_mantis/share/hexapod_mantis/protos/backgrounds/TexturedBackground.proto
[0.530s] -- Symlinking: /home/naomi/ROS2Dev/mantis/install/hexapod_mantis/share/hexapod_mantis/protos/backgrounds/TexturedBackgroundLight.proto
[0.535s] -- Symlinking: /home/naomi/ROS2Dev/mantis/install/hexapod_mantis/share/hexapod_mantis/protos/backgrounds/UnevenTerrain.proto
[0.540s] -- Symlinking: /home/naomi/ROS2Dev/mantis/install/hexapod_mantis/share/hexapod_mantis/protos/backgrounds/textures/sandy_ground/sandy_ground_base_color.jpg
[0.544s] -- Symlinking: /home/naomi/ROS2Dev/mantis/install/hexapod_mantis/share/hexapod_mantis/protos/backgrounds/textures/sandy_ground/sandy_ground_normal.jpg
[0.549s] -- Symlinking: /home/naomi/ROS2Dev/mantis/install/hexapod_mantis/share/hexapod_mantis/protos/backgrounds/textures/sandy_ground/sandy_ground_occlusion.jpg
[0.554s] -- Symlinking: /home/naomi/ROS2Dev/mantis/install/hexapod_mantis/share/hexapod_mantis/protos/backgrounds/textures/sandy_ground/sandy_ground_roughness.jpg
[0.558s] -- Symlinking: /home/naomi/ROS2Dev/mantis/install/hexapod_mantis/share/hexapod_mantis/protos/docs/images/mantis/mantis.wbt.png
[0.563s] -- Symlinking: /home/naomi/ROS2Dev/mantis/install/hexapod_mantis/share/hexapod_mantis/protos/docs/images/mantis/mantis.wbt.thumbnail.jpg
[0.568s] -- Symlinking: /home/naomi/ROS2Dev/mantis/install/hexapod_mantis/share/hexapod_mantis/protos/docs/mantis.md
[0.572s] -- Symlinking: /home/naomi/ROS2Dev/mantis/install/hexapod_mantis/share/hexapod_mantis/protos/icons/Mantis.png
[0.577s] -- Symlinking: /home/naomi/ROS2Dev/mantis/install/hexapod_mantis/share/hexapod_mantis/protos/textures/femur_base_color.jpg
[0.581s] -- Symlinking: /home/naomi/ROS2Dev/mantis/install/hexapod_mantis/share/hexapod_mantis/protos/textures/femur_metalness.jpg
[0.586s] -- Symlinking: /home/naomi/ROS2Dev/mantis/install/hexapod_mantis/share/hexapod_mantis/protos/textures/femur_normal.jpg
[0.590s] -- Symlinking: /home/naomi/ROS2Dev/mantis/install/hexapod_mantis/share/hexapod_mantis/protos/textures/femur_occlusion.jpg
[0.594s] -- Symlinking: /home/naomi/ROS2Dev/mantis/install/hexapod_mantis/share/hexapod_mantis/protos/textures/femur_roughness.jpg
[0.598s] -- Symlinking: /home/naomi/ROS2Dev/mantis/install/hexapod_mantis/share/hexapod_mantis/protos/textures/tibia_base_color.jpg
[0.603s] -- Symlinking: /home/naomi/ROS2Dev/mantis/install/hexapod_mantis/share/hexapod_mantis/protos/textures/tibia_metalness.jpg
[0.607s] -- Symlinking: /home/naomi/ROS2Dev/mantis/install/hexapod_mantis/share/hexapod_mantis/protos/textures/tibia_normal.jpg
[0.611s] -- Symlinking: /home/naomi/ROS2Dev/mantis/install/hexapod_mantis/share/hexapod_mantis/protos/textures/tibia_occlusion.jpg
[0.616s] -- Symlinking: /home/naomi/ROS2Dev/mantis/install/hexapod_mantis/share/hexapod_mantis/protos/textures/tibia_roughness.jpg
[0.620s] -- Symlinking: /home/naomi/ROS2Dev/mantis/install/hexapod_mantis/share/hexapod_mantis/urdf/dyna_hexa.urdf
[0.625s] -- Symlinking: /home/naomi/ROS2Dev/mantis/install/hexapod_mantis/share/hexapod_mantis/urdf/dynamixel_hexapod.urdf
[0.629s] -- Symlinking: /home/naomi/ROS2Dev/mantis/install/hexapod_mantis/share/hexapod_mantis/worlds/.mantis.wbproj
[0.634s] -- Symlinking: /home/naomi/ROS2Dev/mantis/install/hexapod_mantis/share/hexapod_mantis/worlds/mantis copy.wbt
[0.638s] -- Symlinking: /home/naomi/ROS2Dev/mantis/install/hexapod_mantis/share/hexapod_mantis/worlds/mantis.wbt
[0.642s] -- Symlinking: /home/naomi/ROS2Dev/mantis/install/hexapod_mantis/share/ament_index/resource_index/package_run_dependencies/hexapod_mantis
[0.647s] -- Symlinking: /home/naomi/ROS2Dev/mantis/install/hexapod_mantis/share/ament_index/resource_index/parent_prefix_path/hexapod_mantis
[0.651s] -- Symlinking: /home/naomi/ROS2Dev/mantis/install/hexapod_mantis/share/hexapod_mantis/environment/ament_prefix_path.sh
[0.655s] -- Symlinking: /home/naomi/ROS2Dev/mantis/install/hexapod_mantis/share/hexapod_mantis/environment/ament_prefix_path.dsv
[0.660s] -- Symlinking: /home/naomi/ROS2Dev/mantis/install/hexapod_mantis/share/hexapod_mantis/environment/path.sh
[0.664s] -- Symlinking: /home/naomi/ROS2Dev/mantis/install/hexapod_mantis/share/hexapod_mantis/environment/path.dsv
[0.668s] -- Symlinking: /home/naomi/ROS2Dev/mantis/install/hexapod_mantis/share/hexapod_mantis/local_setup.bash
[0.673s] -- Symlinking: /home/naomi/ROS2Dev/mantis/install/hexapod_mantis/share/hexapod_mantis/local_setup.sh
[0.677s] -- Symlinking: /home/naomi/ROS2Dev/mantis/install/hexapod_mantis/share/hexapod_mantis/local_setup.zsh
[0.681s] -- Symlinking: /home/naomi/ROS2Dev/mantis/install/hexapod_mantis/share/hexapod_mantis/local_setup.dsv
[0.686s] -- Symlinking: /home/naomi/ROS2Dev/mantis/install/hexapod_mantis/share/hexapod_mantis/package.dsv
[0.690s] -- Symlinking: /home/naomi/ROS2Dev/mantis/install/hexapod_mantis/share/ament_index/resource_index/packages/hexapod_mantis
[0.694s] -- Symlinking: /home/naomi/ROS2Dev/mantis/install/hexapod_mantis/share/hexapod_mantis/cmake/hexapod_mantisConfig.cmake
[0.699s] -- Symlinking: /home/naomi/ROS2Dev/mantis/install/hexapod_mantis/share/hexapod_mantis/cmake/hexapod_mantisConfig-version.cmake
[0.703s] -- Symlinking: /home/naomi/ROS2Dev/mantis/install/hexapod_mantis/share/hexapod_mantis/package.xml
[0.709s] Invoked command in '/home/naomi/ROS2Dev/mantis/build/hexapod_mantis' returned '0': CMAKE_PREFIX_PATH=${CMAKE_PREFIX_PATH}:/opt/ros/humble PS1=\[\e[1;32m\]\u@\h \[\e[1;34m\]\w\[\e[0;33m\]$(__git_ps1 " (%s)")\[\e[0m\]\$ /usr/bin/cmake --install /home/naomi/ROS2Dev/mantis/build/hexapod_mantis
