[0.006s] Invoking command in '/home/naomi/ROS2Dev/mantis/build/hexapod_mantis': CMAKE_PREFIX_PATH=${CMAKE_PREFIX_PATH}:/opt/ros/humble PS1=\[\e[1;32m\]\u@\h \[\e[1;34m\]\w\[\e[0;33m\]$(__git_ps1 " (%s)")\[\e[0m\]\$ /usr/bin/cmake /home/naomi/ROS2Dev/mantis/src/hexapod_mantis -DAMENT_CMAKE_SYMLINK_INSTALL=1 -DCMAKE_INSTALL_PREFIX=/home/naomi/ROS2Dev/mantis/install/hexapod_mantis
[0.041s] -- The C compiler identification is GNU 11.4.0
[0.088s] -- The CXX compiler identification is GNU 11.4.0
[0.092s] -- Detecting C compiler ABI info
[0.145s] -- Detecting C compiler ABI info - done
[0.155s] -- Check for working C compiler: /usr/bin/cc - skipped
[0.155s] -- Detecting C compile features
[0.156s] -- Detecting C compile features - done
[0.160s] -- Detecting CXX compiler ABI info
[0.244s] -- Detecting CXX compiler ABI info - done
[0.248s] -- Check for working CXX compiler: /usr/bin/c++ - skipped
[0.248s] -- Detecting CXX compile features
[0.249s] -- Detecting CXX compile features - done
[0.250s] -- Found ament_cmake: 1.3.14 (/opt/ros/humble/share/ament_cmake/cmake)
[0.344s] -- Found Python3: /usr/bin/python3 (found version "3.10.12") found components: Interpreter 
[0.381s] -- Override CMake install command with custom implementation using symlinks instead of copying resources
[0.393s] -- Found rclcpp: 16.0.19 (/opt/ros/humble/share/rclcpp/cmake)
[0.416s] -- Found rosidl_generator_c: 3.1.8 (/opt/ros/humble/share/rosidl_generator_c/cmake)
[0.418s] -- Found rosidl_adapter: 3.1.8 (/opt/ros/humble/share/rosidl_adapter/cmake)
[0.423s] -- Found rosidl_generator_cpp: 3.1.8 (/opt/ros/humble/share/rosidl_generator_cpp/cmake)
[0.429s] -- Using all available rosidl_typesupport_c: rosidl_typesupport_fastrtps_c;rosidl_typesupport_introspection_c
[0.439s] -- Using all available rosidl_typesupport_cpp: rosidl_typesupport_fastrtps_cpp;rosidl_typesupport_introspection_cpp
[0.463s] -- Found rmw_implementation_cmake: 6.1.2 (/opt/ros/humble/share/rmw_implementation_cmake/cmake)
[0.464s] -- Found rmw_fastrtps_cpp: 6.2.10 (/opt/ros/humble/share/rmw_fastrtps_cpp/cmake)
[0.512s] -- Found OpenSSL: /usr/lib/x86_64-linux-gnu/libcrypto.so (found version "3.0.2")  
[0.530s] -- Found FastRTPS: /opt/ros/humble/include  
[0.556s] -- Using RMW implementation 'rmw_fastrtps_cpp' as default
[0.561s] -- Looking for pthread.h
[0.609s] -- Looking for pthread.h - found
[0.609s] -- Performing Test CMAKE_HAVE_LIBC_PTHREAD
[0.684s] -- Performing Test CMAKE_HAVE_LIBC_PTHREAD - Success
[0.684s] -- Found Threads: TRUE  
[0.714s] -- Found rclpy: 3.3.21 (/opt/ros/humble/share/rclpy/cmake)
[0.715s] -- Found geometry_msgs: 4.9.1 (/opt/ros/humble/share/geometry_msgs/cmake)
[0.722s] -- Found sensor_msgs: 4.9.1 (/opt/ros/humble/share/sensor_msgs/cmake)
[0.733s] -- Found tf2_ros: 0.25.20 (/opt/ros/humble/share/tf2_ros/cmake)
[0.789s] -- Found tf2_geometry_msgs: 0.25.20 (/opt/ros/humble/share/tf2_geometry_msgs/cmake)
[0.796s] -- Found eigen3_cmake_module: 0.1.1 (/opt/ros/humble/share/eigen3_cmake_module/cmake)
[0.797s] -- Found Eigen3: TRUE (found version "3.4.0") 
[0.797s] -- Ensuring Eigen3 include directory is part of orocos-kdl CMake target
[0.798s] -- Found cv_bridge: 3.2.1 (/opt/ros/humble/share/cv_bridge/cmake)
[0.804s] -- Found pluginlib: 5.1.3 (/opt/ros/humble/share/pluginlib/cmake)
[0.852s] -- Configuring done
[0.855s] -- Generating done
[0.856s] -- Build files have been written to: /home/naomi/ROS2Dev/mantis/build/hexapod_mantis
[0.864s] Invoked command in '/home/naomi/ROS2Dev/mantis/build/hexapod_mantis' returned '0': CMAKE_PREFIX_PATH=${CMAKE_PREFIX_PATH}:/opt/ros/humble PS1=\[\e[1;32m\]\u@\h \[\e[1;34m\]\w\[\e[0;33m\]$(__git_ps1 " (%s)")\[\e[0m\]\$ /usr/bin/cmake /home/naomi/ROS2Dev/mantis/src/hexapod_mantis -DAMENT_CMAKE_SYMLINK_INSTALL=1 -DCMAKE_INSTALL_PREFIX=/home/naomi/ROS2Dev/mantis/install/hexapod_mantis
[0.865s] Invoking command in '/home/naomi/ROS2Dev/mantis/build/hexapod_mantis': CMAKE_PREFIX_PATH=${CMAKE_PREFIX_PATH}:/opt/ros/humble PS1=\[\e[1;32m\]\u@\h \[\e[1;34m\]\w\[\e[0;33m\]$(__git_ps1 " (%s)")\[\e[0m\]\$ /usr/bin/cmake --build /home/naomi/ROS2Dev/mantis/build/hexapod_mantis -- -j16 -l16
[0.900s] Invoked command in '/home/naomi/ROS2Dev/mantis/build/hexapod_mantis' returned '0': CMAKE_PREFIX_PATH=${CMAKE_PREFIX_PATH}:/opt/ros/humble PS1=\[\e[1;32m\]\u@\h \[\e[1;34m\]\w\[\e[0;33m\]$(__git_ps1 " (%s)")\[\e[0m\]\$ /usr/bin/cmake --build /home/naomi/ROS2Dev/mantis/build/hexapod_mantis -- -j16 -l16
[0.916s] Invoking command in '/home/naomi/ROS2Dev/mantis/build/hexapod_mantis': CMAKE_PREFIX_PATH=${CMAKE_PREFIX_PATH}:/opt/ros/humble PS1=\[\e[1;32m\]\u@\h \[\e[1;34m\]\w\[\e[0;33m\]$(__git_ps1 " (%s)")\[\e[0m\]\$ /usr/bin/cmake --install /home/naomi/ROS2Dev/mantis/build/hexapod_mantis
[0.925s] -- Install configuration: ""
[0.926s] -- Execute custom install script
[0.927s] -- Symlinking: /home/naomi/ROS2Dev/mantis/install/hexapod_mantis/share/hexapod_mantis/controllers/Makefile
[0.936s] -- Symlinking: /home/naomi/ROS2Dev/mantis/install/hexapod_mantis/share/hexapod_mantis/controllers/mantis/.gitignore
[0.943s] -- Symlinking: /home/naomi/ROS2Dev/mantis/install/hexapod_mantis/share/hexapod_mantis/controllers/mantis/Makefile
[0.954s] -- Symlinking: /home/naomi/ROS2Dev/mantis/install/hexapod_mantis/share/hexapod_mantis/controllers/mantis/mantis.c
[0.962s] -- Symlinking: /home/naomi/ROS2Dev/mantis/install/hexapod_mantis/share/hexapod_mantis/controllers/mantis/mantis.py
[0.972s] -- Symlinking: /home/naomi/ROS2Dev/mantis/install/hexapod_mantis/share/hexapod_mantis/controllers/mantis_hex/__init__.py
[0.979s] -- Symlinking: /home/naomi/ROS2Dev/mantis/install/hexapod_mantis/share/hexapod_mantis/controllers/mantis_hex/mantis_hex.py
[0.987s] -- Symlinking: /home/naomi/ROS2Dev/mantis/install/hexapod_mantis/share/hexapod_mantis/controllers/respaldo/.gitignore
[0.992s] -- Symlinking: /home/naomi/ROS2Dev/mantis/install/hexapod_mantis/share/hexapod_mantis/controllers/respaldo/Makefile
[0.998s] -- Symlinking: /home/naomi/ROS2Dev/mantis/install/hexapod_mantis/share/hexapod_mantis/controllers/respaldo/mantis_hex.c
[1.003s] -- Symlinking: /home/naomi/ROS2Dev/mantis/install/hexapod_mantis/share/hexapod_mantis/launch/webots_mantis.launch.xml
[1.009s] -- Symlinking: /home/naomi/ROS2Dev/mantis/install/hexapod_mantis/share/hexapod_mantis/models/A.dae
[1.014s] -- Symlinking: /home/naomi/ROS2Dev/mantis/install/hexapod_mantis/share/hexapod_mantis/models/A_collider.dae
[1.019s] -- Symlinking: /home/naomi/ROS2Dev/mantis/install/hexapod_mantis/share/hexapod_mantis/models/B.dae
[1.024s] -- Symlinking: /home/naomi/ROS2Dev/mantis/install/hexapod_mantis/share/hexapod_mantis/models/B_collider.dae
[1.029s] -- Symlinking: /home/naomi/ROS2Dev/mantis/install/hexapod_mantis/share/hexapod_mantis/models/C.dae
[1.034s] -- Symlinking: /home/naomi/ROS2Dev/mantis/install/hexapod_mantis/share/hexapod_mantis/models/C_collider.dae
[1.039s] -- Symlinking: /home/naomi/ROS2Dev/mantis/install/hexapod_mantis/share/hexapod_mantis/models/base.dae
[1.044s] -- Symlinking: /home/naomi/ROS2Dev/mantis/install/hexapod_mantis/share/hexapod_mantis/models/base_collider.dae
[1.049s] -- Symlinking: /home/naomi/ROS2Dev/mantis/install/hexapod_mantis/share/hexapod_mantis/protos/Mantis.proto
[1.054s] -- Symlinking: /home/naomi/ROS2Dev/mantis/install/hexapod_mantis/share/hexapod_mantis/protos/backgrounds/SandyGround.proto
[1.058s] -- Symlinking: /home/naomi/ROS2Dev/mantis/install/hexapod_mantis/share/hexapod_mantis/protos/backgrounds/TexturedBackground.proto
[1.063s] -- Symlinking: /home/naomi/ROS2Dev/mantis/install/hexapod_mantis/share/hexapod_mantis/protos/backgrounds/TexturedBackgroundLight.proto
[1.067s] -- Symlinking: /home/naomi/ROS2Dev/mantis/install/hexapod_mantis/share/hexapod_mantis/protos/backgrounds/UnevenTerrain.proto
[1.071s] -- Symlinking: /home/naomi/ROS2Dev/mantis/install/hexapod_mantis/share/hexapod_mantis/protos/backgrounds/textures/sandy_ground/sandy_ground_base_color.jpg
[1.076s] -- Symlinking: /home/naomi/ROS2Dev/mantis/install/hexapod_mantis/share/hexapod_mantis/protos/backgrounds/textures/sandy_ground/sandy_ground_normal.jpg
[1.083s] -- Symlinking: /home/naomi/ROS2Dev/mantis/install/hexapod_mantis/share/hexapod_mantis/protos/backgrounds/textures/sandy_ground/sandy_ground_occlusion.jpg
[1.091s] -- Symlinking: /home/naomi/ROS2Dev/mantis/install/hexapod_mantis/share/hexapod_mantis/protos/backgrounds/textures/sandy_ground/sandy_ground_roughness.jpg
[1.097s] -- Symlinking: /home/naomi/ROS2Dev/mantis/install/hexapod_mantis/share/hexapod_mantis/protos/docs/images/mantis/mantis.wbt.png
[1.102s] -- Symlinking: /home/naomi/ROS2Dev/mantis/install/hexapod_mantis/share/hexapod_mantis/protos/docs/images/mantis/mantis.wbt.thumbnail.jpg
[1.108s] -- Symlinking: /home/naomi/ROS2Dev/mantis/install/hexapod_mantis/share/hexapod_mantis/protos/docs/mantis.md
[1.114s] -- Symlinking: /home/naomi/ROS2Dev/mantis/install/hexapod_mantis/share/hexapod_mantis/protos/icons/Mantis.png
[1.118s] -- Symlinking: /home/naomi/ROS2Dev/mantis/install/hexapod_mantis/share/hexapod_mantis/protos/textures/femur_base_color.jpg
[1.123s] -- Symlinking: /home/naomi/ROS2Dev/mantis/install/hexapod_mantis/share/hexapod_mantis/protos/textures/femur_metalness.jpg
[1.128s] -- Symlinking: /home/naomi/ROS2Dev/mantis/install/hexapod_mantis/share/hexapod_mantis/protos/textures/femur_normal.jpg
[1.132s] -- Symlinking: /home/naomi/ROS2Dev/mantis/install/hexapod_mantis/share/hexapod_mantis/protos/textures/femur_occlusion.jpg
[1.137s] -- Symlinking: /home/naomi/ROS2Dev/mantis/install/hexapod_mantis/share/hexapod_mantis/protos/textures/femur_roughness.jpg
[1.141s] -- Symlinking: /home/naomi/ROS2Dev/mantis/install/hexapod_mantis/share/hexapod_mantis/protos/textures/tibia_base_color.jpg
[1.146s] -- Symlinking: /home/naomi/ROS2Dev/mantis/install/hexapod_mantis/share/hexapod_mantis/protos/textures/tibia_metalness.jpg
[1.150s] -- Symlinking: /home/naomi/ROS2Dev/mantis/install/hexapod_mantis/share/hexapod_mantis/protos/textures/tibia_normal.jpg
[1.154s] -- Symlinking: /home/naomi/ROS2Dev/mantis/install/hexapod_mantis/share/hexapod_mantis/protos/textures/tibia_occlusion.jpg
[1.158s] -- Symlinking: /home/naomi/ROS2Dev/mantis/install/hexapod_mantis/share/hexapod_mantis/protos/textures/tibia_roughness.jpg
[1.163s] -- Symlinking: /home/naomi/ROS2Dev/mantis/install/hexapod_mantis/share/hexapod_mantis/urdf/dyna_hexa.urdf
[1.167s] -- Symlinking: /home/naomi/ROS2Dev/mantis/install/hexapod_mantis/share/hexapod_mantis/urdf/dynamixel_hexapod.urdf
[1.172s] -- Symlinking: /home/naomi/ROS2Dev/mantis/install/hexapod_mantis/share/hexapod_mantis/worlds/.mantis.jpg
[1.177s] -- Symlinking: /home/naomi/ROS2Dev/mantis/install/hexapod_mantis/share/hexapod_mantis/worlds/.mantis.wbproj
[1.182s] -- Symlinking: /home/naomi/ROS2Dev/mantis/install/hexapod_mantis/share/hexapod_mantis/worlds/mantis copy.wbt
[1.187s] -- Symlinking: /home/naomi/ROS2Dev/mantis/install/hexapod_mantis/share/hexapod_mantis/worlds/mantis1.wbt
[1.193s] -- Symlinking: /home/naomi/ROS2Dev/mantis/install/hexapod_mantis/share/ament_index/resource_index/package_run_dependencies/hexapod_mantis
[1.198s] -- Symlinking: /home/naomi/ROS2Dev/mantis/install/hexapod_mantis/share/ament_index/resource_index/parent_prefix_path/hexapod_mantis
[1.202s] -- Symlinking: /home/naomi/ROS2Dev/mantis/install/hexapod_mantis/share/hexapod_mantis/environment/ament_prefix_path.sh
[1.207s] -- Symlinking: /home/naomi/ROS2Dev/mantis/install/hexapod_mantis/share/hexapod_mantis/environment/ament_prefix_path.dsv
[1.211s] -- Symlinking: /home/naomi/ROS2Dev/mantis/install/hexapod_mantis/share/hexapod_mantis/environment/path.sh
[1.216s] -- Symlinking: /home/naomi/ROS2Dev/mantis/install/hexapod_mantis/share/hexapod_mantis/environment/path.dsv
[1.223s] -- Symlinking: /home/naomi/ROS2Dev/mantis/install/hexapod_mantis/share/hexapod_mantis/local_setup.bash
[1.227s] -- Symlinking: /home/naomi/ROS2Dev/mantis/install/hexapod_mantis/share/hexapod_mantis/local_setup.sh
[1.232s] -- Symlinking: /home/naomi/ROS2Dev/mantis/install/hexapod_mantis/share/hexapod_mantis/local_setup.zsh
[1.236s] -- Symlinking: /home/naomi/ROS2Dev/mantis/install/hexapod_mantis/share/hexapod_mantis/local_setup.dsv
[1.241s] -- Symlinking: /home/naomi/ROS2Dev/mantis/install/hexapod_mantis/share/hexapod_mantis/package.dsv
[1.245s] -- Symlinking: /home/naomi/ROS2Dev/mantis/install/hexapod_mantis/share/ament_index/resource_index/packages/hexapod_mantis
[1.250s] -- Symlinking: /home/naomi/ROS2Dev/mantis/install/hexapod_mantis/share/hexapod_mantis/cmake/hexapod_mantisConfig.cmake
[1.255s] -- Symlinking: /home/naomi/ROS2Dev/mantis/install/hexapod_mantis/share/hexapod_mantis/cmake/hexapod_mantisConfig-version.cmake
[1.259s] -- Symlinking: /home/naomi/ROS2Dev/mantis/install/hexapod_mantis/share/hexapod_mantis/package.xml
[1.265s] Invoked command in '/home/naomi/ROS2Dev/mantis/build/hexapod_mantis' returned '0': CMAKE_PREFIX_PATH=${CMAKE_PREFIX_PATH}:/opt/ros/humble PS1=\[\e[1;32m\]\u@\h \[\e[1;34m\]\w\[\e[0;33m\]$(__git_ps1 " (%s)")\[\e[0m\]\$ /usr/bin/cmake --install /home/naomi/ROS2Dev/mantis/build/hexapod_mantis
