[0.009s] Invoking command in '/home/naomi/ROS2Dev/mantis/build/hexapod_mantis': CMAKE_PREFIX_PATH=${CMAKE_PREFIX_PATH}:/opt/ros/humble PS1=\[\e[1;32m\]\u@\h \[\e[1;34m\]\w\[\e[0;33m\]$(__git_ps1 " (%s)")\[\e[0m\]\$ /usr/bin/cmake /home/naomi/ROS2Dev/mantis/src/hexapod_mantis -DCMAKE_INSTALL_PREFIX=/home/naomi/ROS2Dev/mantis/install/hexapod_mantis
[0.059s] -- The C compiler identification is GNU 11.4.0
[0.109s] -- The CXX compiler identification is GNU 11.4.0
[0.116s] -- Detecting C compiler ABI info
[0.179s] -- Detecting C compiler ABI info - done
[0.184s] -- Check for working C compiler: /usr/bin/cc - skipped
[0.184s] -- Detecting C compile features
[0.185s] -- Detecting C compile features - done
[0.187s] -- Detecting CXX compiler ABI info
[0.263s] -- Detecting CXX compiler ABI info - done
[0.272s] -- Check for working CXX compiler: /usr/bin/c++ - skipped
[0.272s] -- Detecting CXX compile features
[0.272s] -- Detecting CXX compile features - done
[0.274s] -- Found ament_cmake: 1.3.13 (/opt/ros/humble/share/ament_cmake/cmake)
[0.414s] -- Found Python3: /usr/bin/python3 (found version "3.10.12") found components: Interpreter 
[0.489s] -- Found rclcpp: 16.0.18 (/opt/ros/humble/share/rclcpp/cmake)
[0.524s] -- Found rosidl_generator_c: 3.1.8 (/opt/ros/humble/share/rosidl_generator_c/cmake)
[0.528s] -- Found rosidl_adapter: 3.1.8 (/opt/ros/humble/share/rosidl_adapter/cmake)
[0.534s] -- Found rosidl_generator_cpp: 3.1.8 (/opt/ros/humble/share/rosidl_generator_cpp/cmake)
[0.546s] -- Using all available rosidl_typesupport_c: rosidl_typesupport_fastrtps_c;rosidl_typesupport_introspection_c
[0.559s] -- Using all available rosidl_typesupport_cpp: rosidl_typesupport_fastrtps_cpp;rosidl_typesupport_introspection_cpp
[0.596s] -- Found rmw_implementation_cmake: 6.1.2 (/opt/ros/humble/share/rmw_implementation_cmake/cmake)
[0.598s] -- Found rmw_fastrtps_cpp: 6.2.10 (/opt/ros/humble/share/rmw_fastrtps_cpp/cmake)
[0.670s] -- Found OpenSSL: /usr/lib/x86_64-linux-gnu/libcrypto.so (found version "3.0.2")  
[0.694s] -- Found FastRTPS: /opt/ros/humble/include  
[0.733s] -- Using RMW implementation 'rmw_fastrtps_cpp' as default
[0.737s] -- Looking for pthread.h
[0.803s] -- Looking for pthread.h - found
[0.803s] -- Performing Test CMAKE_HAVE_LIBC_PTHREAD
[0.865s] -- Performing Test CMAKE_HAVE_LIBC_PTHREAD - Success
[0.866s] -- Found Threads: TRUE  
[0.911s] -- Found rclpy: 3.3.20 (/opt/ros/humble/share/rclpy/cmake)
[0.911s] -- Found geometry_msgs: 4.9.1 (/opt/ros/humble/share/geometry_msgs/cmake)
[0.923s] -- Found sensor_msgs: 4.9.1 (/opt/ros/humble/share/sensor_msgs/cmake)
[0.944s] -- Found tf2_ros: 0.25.19 (/opt/ros/humble/share/tf2_ros/cmake)
[1.037s] -- Found tf2_geometry_msgs: 0.25.19 (/opt/ros/humble/share/tf2_geometry_msgs/cmake)
[1.048s] -- Found eigen3_cmake_module: 0.1.1 (/opt/ros/humble/share/eigen3_cmake_module/cmake)
[1.049s] -- Found Eigen3: TRUE (found version "3.4.0") 
[1.049s] -- Ensuring Eigen3 include directory is part of orocos-kdl CMake target
[1.054s] -- Found cv_bridge: 3.2.1 (/opt/ros/humble/share/cv_bridge/cmake)
[1.061s] -- Found pluginlib: 5.1.3 (/opt/ros/humble/share/pluginlib/cmake)
[1.131s] -- Configuring done
[1.135s] -- Generating done
[1.137s] -- Build files have been written to: /home/naomi/ROS2Dev/mantis/build/hexapod_mantis
[1.147s] Invoked command in '/home/naomi/ROS2Dev/mantis/build/hexapod_mantis' returned '0': CMAKE_PREFIX_PATH=${CMAKE_PREFIX_PATH}:/opt/ros/humble PS1=\[\e[1;32m\]\u@\h \[\e[1;34m\]\w\[\e[0;33m\]$(__git_ps1 " (%s)")\[\e[0m\]\$ /usr/bin/cmake /home/naomi/ROS2Dev/mantis/src/hexapod_mantis -DCMAKE_INSTALL_PREFIX=/home/naomi/ROS2Dev/mantis/install/hexapod_mantis
[1.149s] Invoking command in '/home/naomi/ROS2Dev/mantis/build/hexapod_mantis': CMAKE_PREFIX_PATH=${CMAKE_PREFIX_PATH}:/opt/ros/humble PS1=\[\e[1;32m\]\u@\h \[\e[1;34m\]\w\[\e[0;33m\]$(__git_ps1 " (%s)")\[\e[0m\]\$ /usr/bin/cmake --build /home/naomi/ROS2Dev/mantis/build/hexapod_mantis -- -j16 -l16
[1.186s] Invoked command in '/home/naomi/ROS2Dev/mantis/build/hexapod_mantis' returned '0': CMAKE_PREFIX_PATH=${CMAKE_PREFIX_PATH}:/opt/ros/humble PS1=\[\e[1;32m\]\u@\h \[\e[1;34m\]\w\[\e[0;33m\]$(__git_ps1 " (%s)")\[\e[0m\]\$ /usr/bin/cmake --build /home/naomi/ROS2Dev/mantis/build/hexapod_mantis -- -j16 -l16
[1.194s] Invoking command in '/home/naomi/ROS2Dev/mantis/build/hexapod_mantis': CMAKE_PREFIX_PATH=${CMAKE_PREFIX_PATH}:/opt/ros/humble PS1=\[\e[1;32m\]\u@\h \[\e[1;34m\]\w\[\e[0;33m\]$(__git_ps1 " (%s)")\[\e[0m\]\$ /usr/bin/cmake --install /home/naomi/ROS2Dev/mantis/build/hexapod_mantis
[1.201s] -- Install configuration: ""
[1.201s] -- Installing: /home/naomi/ROS2Dev/mantis/install/hexapod_mantis/share/hexapod_mantis/controllers
[1.201s] -- Installing: /home/naomi/ROS2Dev/mantis/install/hexapod_mantis/share/hexapod_mantis/controllers/Makefile
[1.201s] -- Installing: /home/naomi/ROS2Dev/mantis/install/hexapod_mantis/share/hexapod_mantis/controllers/respaldo
[1.201s] -- Installing: /home/naomi/ROS2Dev/mantis/install/hexapod_mantis/share/hexapod_mantis/controllers/respaldo/mantis_hex.c
[1.201s] -- Installing: /home/naomi/ROS2Dev/mantis/install/hexapod_mantis/share/hexapod_mantis/controllers/respaldo/Makefile
[1.201s] -- Installing: /home/naomi/ROS2Dev/mantis/install/hexapod_mantis/share/hexapod_mantis/controllers/respaldo/.gitignore
[1.201s] -- Installing: /home/naomi/ROS2Dev/mantis/install/hexapod_mantis/share/hexapod_mantis/controllers/mantis_hex
[1.201s] -- Installing: /home/naomi/ROS2Dev/mantis/install/hexapod_mantis/share/hexapod_mantis/controllers/mantis_hex/__init__.py
[1.201s] -- Installing: /home/naomi/ROS2Dev/mantis/install/hexapod_mantis/share/hexapod_mantis/controllers/mantis_hex/mantis_hex.py
[1.201s] -- Installing: /home/naomi/ROS2Dev/mantis/install/hexapod_mantis/share/hexapod_mantis/launch
[1.201s] -- Installing: /home/naomi/ROS2Dev/mantis/install/hexapod_mantis/share/hexapod_mantis/launch/webots_mantis.launch.xml
[1.202s] -- Installing: /home/naomi/ROS2Dev/mantis/install/hexapod_mantis/share/hexapod_mantis/models
[1.202s] -- Installing: /home/naomi/ROS2Dev/mantis/install/hexapod_mantis/share/hexapod_mantis/protos
[1.202s] -- Installing: /home/naomi/ROS2Dev/mantis/install/hexapod_mantis/share/hexapod_mantis/protos/backgrounds
[1.202s] -- Installing: /home/naomi/ROS2Dev/mantis/install/hexapod_mantis/share/hexapod_mantis/protos/backgrounds/SandyGround.proto
[1.202s] -- Installing: /home/naomi/ROS2Dev/mantis/install/hexapod_mantis/share/hexapod_mantis/protos/backgrounds/textures
[1.202s] -- Installing: /home/naomi/ROS2Dev/mantis/install/hexapod_mantis/share/hexapod_mantis/protos/backgrounds/textures/sandy_ground
[1.202s] -- Installing: /home/naomi/ROS2Dev/mantis/install/hexapod_mantis/share/hexapod_mantis/protos/backgrounds/textures/sandy_ground/sandy_ground_normal.jpg
[1.203s] -- Installing: /home/naomi/ROS2Dev/mantis/install/hexapod_mantis/share/hexapod_mantis/protos/backgrounds/textures/sandy_ground/sandy_ground_roughness.jpg
[1.204s] -- Installing: /home/naomi/ROS2Dev/mantis/install/hexapod_mantis/share/hexapod_mantis/protos/backgrounds/textures/sandy_ground/sandy_ground_occlusion.jpg
[1.204s] -- Installing: /home/naomi/ROS2Dev/mantis/install/hexapod_mantis/share/hexapod_mantis/protos/backgrounds/textures/sandy_ground/sandy_ground_base_color.jpg
[1.205s] -- Installing: /home/naomi/ROS2Dev/mantis/install/hexapod_mantis/share/hexapod_mantis/protos/backgrounds/textures/cubic
[1.205s] -- Installing: /home/naomi/ROS2Dev/mantis/install/hexapod_mantis/share/hexapod_mantis/protos/backgrounds/TexturedBackgroundLight.proto
[1.205s] -- Installing: /home/naomi/ROS2Dev/mantis/install/hexapod_mantis/share/hexapod_mantis/protos/backgrounds/UnevenTerrain.proto
[1.205s] -- Installing: /home/naomi/ROS2Dev/mantis/install/hexapod_mantis/share/hexapod_mantis/protos/backgrounds/TexturedBackground.proto
[1.205s] -- Installing: /home/naomi/ROS2Dev/mantis/install/hexapod_mantis/share/hexapod_mantis/protos/textures
[1.206s] -- Installing: /home/naomi/ROS2Dev/mantis/install/hexapod_mantis/share/hexapod_mantis/protos/textures/femur_metalness.jpg
[1.206s] -- Installing: /home/naomi/ROS2Dev/mantis/install/hexapod_mantis/share/hexapod_mantis/protos/textures/tibia_metalness.jpg
[1.206s] -- Installing: /home/naomi/ROS2Dev/mantis/install/hexapod_mantis/share/hexapod_mantis/protos/textures/femur_roughness.jpg
[1.206s] -- Installing: /home/naomi/ROS2Dev/mantis/install/hexapod_mantis/share/hexapod_mantis/protos/textures/femur_normal.jpg
[1.206s] -- Installing: /home/naomi/ROS2Dev/mantis/install/hexapod_mantis/share/hexapod_mantis/protos/textures/femur_base_color.jpg
[1.206s] -- Installing: /home/naomi/ROS2Dev/mantis/install/hexapod_mantis/share/hexapod_mantis/protos/textures/femur_occlusion.jpg
[1.206s] -- Installing: /home/naomi/ROS2Dev/mantis/install/hexapod_mantis/share/hexapod_mantis/protos/textures/tibia_occlusion.jpg
[1.206s] -- Installing: /home/naomi/ROS2Dev/mantis/install/hexapod_mantis/share/hexapod_mantis/protos/textures/tibia_normal.jpg
[1.206s] -- Installing: /home/naomi/ROS2Dev/mantis/install/hexapod_mantis/share/hexapod_mantis/protos/textures/tibia_roughness.jpg
[1.206s] -- Installing: /home/naomi/ROS2Dev/mantis/install/hexapod_mantis/share/hexapod_mantis/protos/textures/tibia_base_color.jpg
[1.207s] -- Installing: /home/naomi/ROS2Dev/mantis/install/hexapod_mantis/share/hexapod_mantis/protos/docs
[1.207s] -- Installing: /home/naomi/ROS2Dev/mantis/install/hexapod_mantis/share/hexapod_mantis/protos/docs/images
[1.207s] -- Installing: /home/naomi/ROS2Dev/mantis/install/hexapod_mantis/share/hexapod_mantis/protos/docs/images/mantis
[1.207s] -- Installing: /home/naomi/ROS2Dev/mantis/install/hexapod_mantis/share/hexapod_mantis/protos/docs/images/mantis/mantis.wbt.thumbnail.jpg
[1.207s] -- Installing: /home/naomi/ROS2Dev/mantis/install/hexapod_mantis/share/hexapod_mantis/protos/docs/images/mantis/mantis.wbt.png
[1.207s] -- Installing: /home/naomi/ROS2Dev/mantis/install/hexapod_mantis/share/hexapod_mantis/protos/docs/mantis.md
[1.207s] -- Installing: /home/naomi/ROS2Dev/mantis/install/hexapod_mantis/share/hexapod_mantis/protos/Mantis.proto
[1.208s] -- Installing: /home/naomi/ROS2Dev/mantis/install/hexapod_mantis/share/hexapod_mantis/protos/icons
[1.208s] -- Installing: /home/naomi/ROS2Dev/mantis/install/hexapod_mantis/share/hexapod_mantis/protos/icons/Mantis.png
[1.208s] -- Installing: /home/naomi/ROS2Dev/mantis/install/hexapod_mantis/share/hexapod_mantis/rviz
[1.208s] -- Installing: /home/naomi/ROS2Dev/mantis/install/hexapod_mantis/share/hexapod_mantis/urdf
[1.208s] -- Installing: /home/naomi/ROS2Dev/mantis/install/hexapod_mantis/share/hexapod_mantis/worlds
[1.208s] -- Installing: /home/naomi/ROS2Dev/mantis/install/hexapod_mantis/share/hexapod_mantis/worlds/.mantis.wbproj
[1.208s] -- Installing: /home/naomi/ROS2Dev/mantis/install/hexapod_mantis/share/hexapod_mantis/worlds/mantis.wbt
[1.208s] -- Installing: /home/naomi/ROS2Dev/mantis/install/hexapod_mantis/share/hexapod_mantis/worlds/mantis copy.wbt
[1.209s] -- Installing: /home/naomi/ROS2Dev/mantis/install/hexapod_mantis/share/hexapod_mantis/scripts
[1.209s] -- Installing: /home/naomi/ROS2Dev/mantis/install/hexapod_mantis/share/ament_index/resource_index/package_run_dependencies/hexapod_mantis
[1.209s] -- Installing: /home/naomi/ROS2Dev/mantis/install/hexapod_mantis/share/ament_index/resource_index/parent_prefix_path/hexapod_mantis
[1.209s] -- Installing: /home/naomi/ROS2Dev/mantis/install/hexapod_mantis/share/hexapod_mantis/environment/ament_prefix_path.sh
[1.209s] -- Installing: /home/naomi/ROS2Dev/mantis/install/hexapod_mantis/share/hexapod_mantis/environment/ament_prefix_path.dsv
[1.209s] -- Installing: /home/naomi/ROS2Dev/mantis/install/hexapod_mantis/share/hexapod_mantis/environment/path.sh
[1.209s] -- Installing: /home/naomi/ROS2Dev/mantis/install/hexapod_mantis/share/hexapod_mantis/environment/path.dsv
[1.209s] -- Installing: /home/naomi/ROS2Dev/mantis/install/hexapod_mantis/share/hexapod_mantis/local_setup.bash
[1.209s] -- Installing: /home/naomi/ROS2Dev/mantis/install/hexapod_mantis/share/hexapod_mantis/local_setup.sh
[1.210s] -- Installing: /home/naomi/ROS2Dev/mantis/install/hexapod_mantis/share/hexapod_mantis/local_setup.zsh
[1.210s] -- Installing: /home/naomi/ROS2Dev/mantis/install/hexapod_mantis/share/hexapod_mantis/local_setup.dsv
[1.210s] -- Installing: /home/naomi/ROS2Dev/mantis/install/hexapod_mantis/share/hexapod_mantis/package.dsv
[1.210s] -- Installing: /home/naomi/ROS2Dev/mantis/install/hexapod_mantis/share/ament_index/resource_index/packages/hexapod_mantis
[1.210s] -- Installing: /home/naomi/ROS2Dev/mantis/install/hexapod_mantis/share/hexapod_mantis/cmake/hexapod_mantisConfig.cmake
[1.210s] -- Installing: /home/naomi/ROS2Dev/mantis/install/hexapod_mantis/share/hexapod_mantis/cmake/hexapod_mantisConfig-version.cmake
[1.210s] -- Installing: /home/naomi/ROS2Dev/mantis/install/hexapod_mantis/share/hexapod_mantis/package.xml
[1.212s] Invoked command in '/home/naomi/ROS2Dev/mantis/build/hexapod_mantis' returned '0': CMAKE_PREFIX_PATH=${CMAKE_PREFIX_PATH}:/opt/ros/humble PS1=\[\e[1;32m\]\u@\h \[\e[1;34m\]\w\[\e[0;33m\]$(__git_ps1 " (%s)")\[\e[0m\]\$ /usr/bin/cmake --install /home/naomi/ROS2Dev/mantis/build/hexapod_mantis
