[0.006s] Invoking command in '/home/naomi/ROS2Dev/mantis/build/hexapod_mantis': CMAKE_PREFIX_PATH=${CMAKE_PREFIX_PATH}:/opt/ros/humble PS1=\[\e[1;32m\]\u@\h \[\e[1;34m\]\w\[\e[0;33m\]$(__git_ps1 " (%s)")\[\e[0m\]\$ /usr/bin/cmake /home/naomi/ROS2Dev/mantis/src/hexapod_mantis -DCMAKE_INSTALL_PREFIX=/home/naomi/ROS2Dev/mantis/install/hexapod_mantis
[0.042s] -- The C compiler identification is GNU 11.4.0
[0.089s] -- The CXX compiler identification is GNU 11.4.0
[0.093s] -- Detecting C compiler ABI info
[0.152s] -- Detecting C compiler ABI info - done
[0.157s] -- Check for working C compiler: /usr/bin/cc - skipped
[0.157s] -- Detecting C compile features
[0.157s] -- Detecting C compile features - done
[0.159s] -- Detecting CXX compiler ABI info
[0.236s] -- Detecting CXX compiler ABI info - done
[0.240s] -- Check for working CXX compiler: /usr/bin/c++ - skipped
[0.240s] -- Detecting CXX compile features
[0.240s] -- Detecting CXX compile features - done
[0.242s] -- Found ament_cmake: 1.3.13 (/opt/ros/humble/share/ament_cmake/cmake)
[0.336s] -- Found Python3: /usr/bin/python3 (found version "3.10.12") found components: Interpreter 
[0.384s] -- Found rclcpp: 16.0.18 (/opt/ros/humble/share/rclcpp/cmake)
[0.407s] -- Found rosidl_generator_c: 3.1.8 (/opt/ros/humble/share/rosidl_generator_c/cmake)
[0.409s] -- Found rosidl_adapter: 3.1.8 (/opt/ros/humble/share/rosidl_adapter/cmake)
[0.414s] -- Found rosidl_generator_cpp: 3.1.8 (/opt/ros/humble/share/rosidl_generator_cpp/cmake)
[0.420s] -- Using all available rosidl_typesupport_c: rosidl_typesupport_fastrtps_c;rosidl_typesupport_introspection_c
[0.430s] -- Using all available rosidl_typesupport_cpp: rosidl_typesupport_fastrtps_cpp;rosidl_typesupport_introspection_cpp
[0.454s] -- Found rmw_implementation_cmake: 6.1.2 (/opt/ros/humble/share/rmw_implementation_cmake/cmake)
[0.455s] -- Found rmw_fastrtps_cpp: 6.2.10 (/opt/ros/humble/share/rmw_fastrtps_cpp/cmake)
[0.505s] -- Found OpenSSL: /usr/lib/x86_64-linux-gnu/libcrypto.so (found version "3.0.2")  
[0.521s] -- Found FastRTPS: /opt/ros/humble/include  
[0.545s] -- Using RMW implementation 'rmw_fastrtps_cpp' as default
[0.550s] -- Looking for pthread.h
[0.610s] -- Looking for pthread.h - found
[0.610s] -- Performing Test CMAKE_HAVE_LIBC_PTHREAD
[0.701s] -- Performing Test CMAKE_HAVE_LIBC_PTHREAD - Success
[0.702s] -- Found Threads: TRUE  
[0.736s] -- Found rclpy: 3.3.20 (/opt/ros/humble/share/rclpy/cmake)
[0.736s] -- Found geometry_msgs: 4.9.1 (/opt/ros/humble/share/geometry_msgs/cmake)
[0.744s] -- Found sensor_msgs: 4.9.1 (/opt/ros/humble/share/sensor_msgs/cmake)
[0.755s] -- Found tf2_ros: 0.25.19 (/opt/ros/humble/share/tf2_ros/cmake)
[0.813s] -- Found tf2_geometry_msgs: 0.25.19 (/opt/ros/humble/share/tf2_geometry_msgs/cmake)
[0.820s] -- Found eigen3_cmake_module: 0.1.1 (/opt/ros/humble/share/eigen3_cmake_module/cmake)
[0.821s] -- Found Eigen3: TRUE (found version "3.4.0") 
[0.821s] -- Ensuring Eigen3 include directory is part of orocos-kdl CMake target
[0.823s] -- Found cv_bridge: 3.2.1 (/opt/ros/humble/share/cv_bridge/cmake)
[0.829s] -- Found pluginlib: 5.1.3 (/opt/ros/humble/share/pluginlib/cmake)
[0.877s] -- Configuring done
[0.880s] -- Generating done
[0.881s] -- Build files have been written to: /home/naomi/ROS2Dev/mantis/build/hexapod_mantis
[0.890s] Invoked command in '/home/naomi/ROS2Dev/mantis/build/hexapod_mantis' returned '0': CMAKE_PREFIX_PATH=${CMAKE_PREFIX_PATH}:/opt/ros/humble PS1=\[\e[1;32m\]\u@\h \[\e[1;34m\]\w\[\e[0;33m\]$(__git_ps1 " (%s)")\[\e[0m\]\$ /usr/bin/cmake /home/naomi/ROS2Dev/mantis/src/hexapod_mantis -DCMAKE_INSTALL_PREFIX=/home/naomi/ROS2Dev/mantis/install/hexapod_mantis
[0.890s] Invoking command in '/home/naomi/ROS2Dev/mantis/build/hexapod_mantis': CMAKE_PREFIX_PATH=${CMAKE_PREFIX_PATH}:/opt/ros/humble PS1=\[\e[1;32m\]\u@\h \[\e[1;34m\]\w\[\e[0;33m\]$(__git_ps1 " (%s)")\[\e[0m\]\$ /usr/bin/cmake --build /home/naomi/ROS2Dev/mantis/build/hexapod_mantis -- -j16 -l16
[0.921s] Invoked command in '/home/naomi/ROS2Dev/mantis/build/hexapod_mantis' returned '0': CMAKE_PREFIX_PATH=${CMAKE_PREFIX_PATH}:/opt/ros/humble PS1=\[\e[1;32m\]\u@\h \[\e[1;34m\]\w\[\e[0;33m\]$(__git_ps1 " (%s)")\[\e[0m\]\$ /usr/bin/cmake --build /home/naomi/ROS2Dev/mantis/build/hexapod_mantis -- -j16 -l16
[0.932s] Invoking command in '/home/naomi/ROS2Dev/mantis/build/hexapod_mantis': CMAKE_PREFIX_PATH=${CMAKE_PREFIX_PATH}:/opt/ros/humble PS1=\[\e[1;32m\]\u@\h \[\e[1;34m\]\w\[\e[0;33m\]$(__git_ps1 " (%s)")\[\e[0m\]\$ /usr/bin/cmake --install /home/naomi/ROS2Dev/mantis/build/hexapod_mantis
[0.939s] -- Install configuration: ""
[0.940s] -- Installing: /home/naomi/ROS2Dev/mantis/install/hexapod_mantis/share/hexapod_mantis/controllers
[0.940s] -- Installing: /home/naomi/ROS2Dev/mantis/install/hexapod_mantis/share/hexapod_mantis/controllers/Makefile
[0.940s] -- Installing: /home/naomi/ROS2Dev/mantis/install/hexapod_mantis/share/hexapod_mantis/controllers/mantis
[0.940s] -- Installing: /home/naomi/ROS2Dev/mantis/install/hexapod_mantis/share/hexapod_mantis/controllers/mantis/mantis.c
[0.940s] -- Installing: /home/naomi/ROS2Dev/mantis/install/hexapod_mantis/share/hexapod_mantis/controllers/mantis/Makefile
[0.940s] -- Installing: /home/naomi/ROS2Dev/mantis/install/hexapod_mantis/share/hexapod_mantis/controllers/mantis/.gitignore
[0.940s] -- Installing: /home/naomi/ROS2Dev/mantis/install/hexapod_mantis/share/hexapod_mantis/launch
[0.940s] -- Installing: /home/naomi/ROS2Dev/mantis/install/hexapod_mantis/share/hexapod_mantis/launch/webots_mantis.launch.xml
[0.940s] -- Installing: /home/naomi/ROS2Dev/mantis/install/hexapod_mantis/share/hexapod_mantis/models
[0.940s] -- Installing: /home/naomi/ROS2Dev/mantis/install/hexapod_mantis/share/hexapod_mantis/protos
[0.940s] -- Installing: /home/naomi/ROS2Dev/mantis/install/hexapod_mantis/share/hexapod_mantis/protos/backgrounds
[0.940s] -- Installing: /home/naomi/ROS2Dev/mantis/install/hexapod_mantis/share/hexapod_mantis/protos/backgrounds/SandyGround.proto
[0.940s] -- Installing: /home/naomi/ROS2Dev/mantis/install/hexapod_mantis/share/hexapod_mantis/protos/backgrounds/textures
[0.940s] -- Installing: /home/naomi/ROS2Dev/mantis/install/hexapod_mantis/share/hexapod_mantis/protos/backgrounds/textures/sandy_ground
[0.940s] -- Installing: /home/naomi/ROS2Dev/mantis/install/hexapod_mantis/share/hexapod_mantis/protos/backgrounds/textures/sandy_ground/sandy_ground_normal.jpg
[0.941s] -- Installing: /home/naomi/ROS2Dev/mantis/install/hexapod_mantis/share/hexapod_mantis/protos/backgrounds/textures/sandy_ground/sandy_ground_roughness.jpg
[0.942s] -- Installing: /home/naomi/ROS2Dev/mantis/install/hexapod_mantis/share/hexapod_mantis/protos/backgrounds/textures/sandy_ground/sandy_ground_occlusion.jpg
[0.942s] -- Installing: /home/naomi/ROS2Dev/mantis/install/hexapod_mantis/share/hexapod_mantis/protos/backgrounds/textures/sandy_ground/sandy_ground_base_color.jpg
[0.942s] -- Installing: /home/naomi/ROS2Dev/mantis/install/hexapod_mantis/share/hexapod_mantis/protos/backgrounds/textures/cubic
[0.943s] -- Installing: /home/naomi/ROS2Dev/mantis/install/hexapod_mantis/share/hexapod_mantis/protos/backgrounds/TexturedBackgroundLight.proto
[0.943s] -- Installing: /home/naomi/ROS2Dev/mantis/install/hexapod_mantis/share/hexapod_mantis/protos/backgrounds/UnevenTerrain.proto
[0.943s] -- Installing: /home/naomi/ROS2Dev/mantis/install/hexapod_mantis/share/hexapod_mantis/protos/backgrounds/TexturedBackground.proto
[0.943s] -- Installing: /home/naomi/ROS2Dev/mantis/install/hexapod_mantis/share/hexapod_mantis/protos/textures
[0.943s] -- Installing: /home/naomi/ROS2Dev/mantis/install/hexapod_mantis/share/hexapod_mantis/protos/textures/femur_metalness.jpg
[0.943s] -- Installing: /home/naomi/ROS2Dev/mantis/install/hexapod_mantis/share/hexapod_mantis/protos/textures/tibia_metalness.jpg
[0.943s] -- Installing: /home/naomi/ROS2Dev/mantis/install/hexapod_mantis/share/hexapod_mantis/protos/textures/femur_roughness.jpg
[0.943s] -- Installing: /home/naomi/ROS2Dev/mantis/install/hexapod_mantis/share/hexapod_mantis/protos/textures/femur_normal.jpg
[0.943s] -- Installing: /home/naomi/ROS2Dev/mantis/install/hexapod_mantis/share/hexapod_mantis/protos/textures/femur_base_color.jpg
[0.943s] -- Installing: /home/naomi/ROS2Dev/mantis/install/hexapod_mantis/share/hexapod_mantis/protos/textures/femur_occlusion.jpg
[0.943s] -- Installing: /home/naomi/ROS2Dev/mantis/install/hexapod_mantis/share/hexapod_mantis/protos/textures/tibia_occlusion.jpg
[0.943s] -- Installing: /home/naomi/ROS2Dev/mantis/install/hexapod_mantis/share/hexapod_mantis/protos/textures/tibia_normal.jpg
[0.943s] -- Installing: /home/naomi/ROS2Dev/mantis/install/hexapod_mantis/share/hexapod_mantis/protos/textures/tibia_roughness.jpg
[0.943s] -- Installing: /home/naomi/ROS2Dev/mantis/install/hexapod_mantis/share/hexapod_mantis/protos/textures/tibia_base_color.jpg
[0.943s] -- Installing: /home/naomi/ROS2Dev/mantis/install/hexapod_mantis/share/hexapod_mantis/protos/docs
[0.943s] -- Installing: /home/naomi/ROS2Dev/mantis/install/hexapod_mantis/share/hexapod_mantis/protos/docs/images
[0.943s] -- Installing: /home/naomi/ROS2Dev/mantis/install/hexapod_mantis/share/hexapod_mantis/protos/docs/images/mantis
[0.943s] -- Installing: /home/naomi/ROS2Dev/mantis/install/hexapod_mantis/share/hexapod_mantis/protos/docs/images/mantis/mantis.wbt.thumbnail.jpg
[0.944s] -- Installing: /home/naomi/ROS2Dev/mantis/install/hexapod_mantis/share/hexapod_mantis/protos/docs/images/mantis/mantis.wbt.png
[0.944s] -- Installing: /home/naomi/ROS2Dev/mantis/install/hexapod_mantis/share/hexapod_mantis/protos/docs/mantis.md
[0.944s] -- Installing: /home/naomi/ROS2Dev/mantis/install/hexapod_mantis/share/hexapod_mantis/protos/Mantis.proto
[0.944s] -- Installing: /home/naomi/ROS2Dev/mantis/install/hexapod_mantis/share/hexapod_mantis/protos/icons
[0.944s] -- Installing: /home/naomi/ROS2Dev/mantis/install/hexapod_mantis/share/hexapod_mantis/protos/icons/Mantis.png
[0.944s] -- Installing: /home/naomi/ROS2Dev/mantis/install/hexapod_mantis/share/hexapod_mantis/rviz
[0.944s] -- Installing: /home/naomi/ROS2Dev/mantis/install/hexapod_mantis/share/hexapod_mantis/urdf
[0.944s] -- Installing: /home/naomi/ROS2Dev/mantis/install/hexapod_mantis/share/hexapod_mantis/worlds
[0.944s] -- Installing: /home/naomi/ROS2Dev/mantis/install/hexapod_mantis/share/hexapod_mantis/worlds/.mantis.wbproj
[0.944s] -- Installing: /home/naomi/ROS2Dev/mantis/install/hexapod_mantis/share/hexapod_mantis/worlds/mantis.wbt
[0.944s] -- Installing: /home/naomi/ROS2Dev/mantis/install/hexapod_mantis/share/hexapod_mantis/worlds/mantis copy.wbt
[0.944s] -- Installing: /home/naomi/ROS2Dev/mantis/install/hexapod_mantis/share/hexapod_mantis/scripts
[0.945s] -- Installing: /home/naomi/ROS2Dev/mantis/install/hexapod_mantis/share/ament_index/resource_index/package_run_dependencies/hexapod_mantis
[0.945s] -- Installing: /home/naomi/ROS2Dev/mantis/install/hexapod_mantis/share/ament_index/resource_index/parent_prefix_path/hexapod_mantis
[0.945s] -- Installing: /home/naomi/ROS2Dev/mantis/install/hexapod_mantis/share/hexapod_mantis/environment/ament_prefix_path.sh
[0.945s] -- Installing: /home/naomi/ROS2Dev/mantis/install/hexapod_mantis/share/hexapod_mantis/environment/ament_prefix_path.dsv
[0.945s] -- Installing: /home/naomi/ROS2Dev/mantis/install/hexapod_mantis/share/hexapod_mantis/environment/path.sh
[0.945s] -- Installing: /home/naomi/ROS2Dev/mantis/install/hexapod_mantis/share/hexapod_mantis/environment/path.dsv
[0.945s] -- Installing: /home/naomi/ROS2Dev/mantis/install/hexapod_mantis/share/hexapod_mantis/local_setup.bash
[0.945s] -- Installing: /home/naomi/ROS2Dev/mantis/install/hexapod_mantis/share/hexapod_mantis/local_setup.sh
[0.945s] -- Installing: /home/naomi/ROS2Dev/mantis/install/hexapod_mantis/share/hexapod_mantis/local_setup.zsh
[0.945s] -- Installing: /home/naomi/ROS2Dev/mantis/install/hexapod_mantis/share/hexapod_mantis/local_setup.dsv
[0.945s] -- Installing: /home/naomi/ROS2Dev/mantis/install/hexapod_mantis/share/hexapod_mantis/package.dsv
[0.945s] -- Installing: /home/naomi/ROS2Dev/mantis/install/hexapod_mantis/share/ament_index/resource_index/packages/hexapod_mantis
[0.945s] -- Installing: /home/naomi/ROS2Dev/mantis/install/hexapod_mantis/share/hexapod_mantis/cmake/hexapod_mantisConfig.cmake
[0.945s] -- Installing: /home/naomi/ROS2Dev/mantis/install/hexapod_mantis/share/hexapod_mantis/cmake/hexapod_mantisConfig-version.cmake
[0.945s] -- Installing: /home/naomi/ROS2Dev/mantis/install/hexapod_mantis/share/hexapod_mantis/package.xml
[0.947s] Invoked command in '/home/naomi/ROS2Dev/mantis/build/hexapod_mantis' returned '0': CMAKE_PREFIX_PATH=${CMAKE_PREFIX_PATH}:/opt/ros/humble PS1=\[\e[1;32m\]\u@\h \[\e[1;34m\]\w\[\e[0;33m\]$(__git_ps1 " (%s)")\[\e[0m\]\$ /usr/bin/cmake --install /home/naomi/ROS2Dev/mantis/build/hexapod_mantis
